root	date	Sat Jul 30 18:03:46 CEST 2016
root	description	SimSchlouder
root:cloud:icps-opst:compute:compute_host:icps-gc-1	cores	24.0
root:cloud:icps-opst:compute:compute_host:icps-gc-1	ram_size	98304
root:cloud:icps-opst:compute:compute_host:icps-gc-1	diskSize	98304
root:cloud:icps-opst:compute:compute_host:icps-gc-1:used_cores	0.0	0.0
root:cloud:icps-opst:compute:compute_host:icps-gc-2	cores	24.0
root:cloud:icps-opst:compute:compute_host:icps-gc-2	ram_size	98304
root:cloud:icps-opst:compute:compute_host:icps-gc-2	diskSize	98304
root:cloud:icps-opst:compute:compute_host:icps-gc-2:used_cores	0.0	0.0
root:cloud:icps-opst:compute:compute_host:icps-gc-3	cores	24.0
root:cloud:icps-opst:compute:compute_host:icps-gc-3	ram_size	98304
root:cloud:icps-opst:compute:compute_host:icps-gc-3	diskSize	98304
root:cloud:icps-opst:compute:compute_host:icps-gc-3:used_cores	0.0	0.0
root:cloud:icps-opst:compute:scheduler	name	org.simgrid.schiaas.engine.compute.scheduler.simplescheduler.SimpleScheduler
root:cloud:icps-opst:compute:scheduler	delay	100
root:cloud:icps-opst:compute:scheduler	controller	controller
root:cloud:icps-opst:compute:scheduler	type	balancer
root:cloud:icps-opst:compute	image_caching	PRE
root:cloud:icps-opst:compute	inter_boot_delay	10
root:cloud:icps-opst:compute	engine	org.simgrid.schiaas.engine.compute.rice.Rice
root:cloud:icps-opst:compute	image_storage	myStorage
root:cloud:icps-opst:compute	standard_power	9.5e9
root:cloud:icps-opst:compute	controller	icps-opst-cc
root:cloud:icps-opst:compute:instances:icps-opst-000	image	opst-image
root:cloud:icps-opst:compute:instances:icps-opst-000	instance_type	small
root:cloud:icps-opst:compute:instances:icps-opst-000:command	1.0	runinstance
root:cloud:icps-opst:compute:instances:icps-opst-000:schedule	1.0	icps-gc-1
root:cloud:icps-opst:compute:compute_host:icps-gc-1:used_cores	1.0	1.0
root:vm:icps-opst-000_VM	n_cores	1.0
root:vm:icps-opst-000_VM	ram_size	256
root:vm:icps-opst-000_VM	net_cap	125
root:vm:icps-opst-000_VM	disk_path	/default
root:vm:icps-opst-000_VM	disk_size	1000
root:vm:icps-opst-000_VM	mig_net_speed	125
root:vm:icps-opst-000_VM	dp_intensity	60
root:vm:icps-opst-000_VM:state	1.0	pending
root:vm:icps-opst-000_VM:state	1.0026110206185568	booting
root:vm:icps-opst-000_VM:state	1.0026110206185568	running
root:cloud:icps-opst:compute:instances:icps-opst-000:command	3586.0	terminate
root:cloud:icps-opst:compute:compute_host:icps-gc-1:used_cores	3586.0026110206186	0.0
root:vm:icps-opst-000_VM:state	3586.0026110206186	shutingdown
root:vm:icps-opst-000_VM:state	3586.0026110206186	shutdown
