root	date	Thu Mar 10 14:28:46 CET 2016
root	description	Example of LoadInjector on cloud
root:cloud:myCloud:compute:compute_host:node-1.me	cores	24.0
root:cloud:myCloud:compute:compute_host:node-1.me	ram_size	98304
root:cloud:myCloud:compute:compute_host:node-1.me	diskSize	98304
root:cloud:myCloud:compute:compute_host:node-1.me:used_cores	0.0	0.0
root:cloud:myCloud:compute:compute_host:node-2.me	cores	24.0
root:cloud:myCloud:compute:compute_host:node-2.me	ram_size	98304
root:cloud:myCloud:compute:compute_host:node-2.me	diskSize	98304
root:cloud:myCloud:compute:compute_host:node-2.me:used_cores	0.0	0.0
root:cloud:myCloud:compute:compute_host:node-3.me	cores	24.0
root:cloud:myCloud:compute:compute_host:node-3.me	ram_size	98304
root:cloud:myCloud:compute:compute_host:node-3.me	diskSize	98304
root:cloud:myCloud:compute:compute_host:node-3.me:used_cores	0.0	0.0
root:cloud:myCloud:compute:compute_host:node-4.me	cores	24.0
root:cloud:myCloud:compute:compute_host:node-4.me	ram_size	98304
root:cloud:myCloud:compute:compute_host:node-4.me	diskSize	98304
root:cloud:myCloud:compute:compute_host:node-4.me:used_cores	0.0	0.0
root:cloud:myCloud:compute:compute_host:node-5.me	cores	24.0
root:cloud:myCloud:compute:compute_host:node-5.me	ram_size	98304
root:cloud:myCloud:compute:compute_host:node-5.me	diskSize	98304
root:cloud:myCloud:compute:compute_host:node-5.me:used_cores	0.0	0.0
root:cloud:myCloud:compute:compute_host:node-6.me	cores	24.0
root:cloud:myCloud:compute:compute_host:node-6.me	ram_size	98304
root:cloud:myCloud:compute:compute_host:node-6.me	diskSize	98304
root:cloud:myCloud:compute:compute_host:node-6.me:used_cores	0.0	0.0
root:cloud:myCloud:compute:compute_host:node-7.me	cores	24.0
root:cloud:myCloud:compute:compute_host:node-7.me	ram_size	98304
root:cloud:myCloud:compute:compute_host:node-7.me	diskSize	98304
root:cloud:myCloud:compute:compute_host:node-7.me:used_cores	0.0	0.0
root:cloud:myCloud:compute:compute_host:node-8.me	cores	24.0
root:cloud:myCloud:compute:compute_host:node-8.me	ram_size	98304
root:cloud:myCloud:compute:compute_host:node-8.me	diskSize	98304
root:cloud:myCloud:compute:compute_host:node-8.me:used_cores	0.0	0.0
root:cloud:myCloud:compute:compute_host:node-9.me	cores	24.0
root:cloud:myCloud:compute:compute_host:node-9.me	ram_size	98304
root:cloud:myCloud:compute:compute_host:node-9.me	diskSize	98304
root:cloud:myCloud:compute:compute_host:node-9.me:used_cores	0.0	0.0
root:cloud:myCloud:compute:compute_host:node-10.me	cores	24.0
root:cloud:myCloud:compute:compute_host:node-10.me	ram_size	98304
root:cloud:myCloud:compute:compute_host:node-10.me	diskSize	98304
root:cloud:myCloud:compute:compute_host:node-10.me:used_cores	0.0	0.0
root:cloud:myCloud:compute:compute_host:node-11.me	cores	24.0
root:cloud:myCloud:compute:compute_host:node-11.me	ram_size	98304
root:cloud:myCloud:compute:compute_host:node-11.me	diskSize	98304
root:cloud:myCloud:compute:compute_host:node-11.me:used_cores	0.0	0.0
root:cloud:myCloud:compute:compute_host:node-12.me	cores	24.0
root:cloud:myCloud:compute:compute_host:node-12.me	ram_size	98304
root:cloud:myCloud:compute:compute_host:node-12.me	diskSize	98304
root:cloud:myCloud:compute:compute_host:node-12.me:used_cores	0.0	0.0
root:cloud:myCloud:compute:compute_host:node-13.me	cores	24.0
root:cloud:myCloud:compute:compute_host:node-13.me	ram_size	98304
root:cloud:myCloud:compute:compute_host:node-13.me	diskSize	98304
root:cloud:myCloud:compute:compute_host:node-13.me:used_cores	0.0	0.0
root:cloud:myCloud:compute:compute_host:node-14.me	cores	24.0
root:cloud:myCloud:compute:compute_host:node-14.me	ram_size	98304
root:cloud:myCloud:compute:compute_host:node-14.me	diskSize	98304
root:cloud:myCloud:compute:compute_host:node-14.me:used_cores	0.0	0.0
root:cloud:myCloud:compute:compute_host:node-15.me	cores	24.0
root:cloud:myCloud:compute:compute_host:node-15.me	ram_size	98304
root:cloud:myCloud:compute:compute_host:node-15.me	diskSize	98304
root:cloud:myCloud:compute:compute_host:node-15.me:used_cores	0.0	0.0
root:cloud:myCloud:compute:compute_host:node-16.me	cores	24.0
root:cloud:myCloud:compute:compute_host:node-16.me	ram_size	98304
root:cloud:myCloud:compute:compute_host:node-16.me	diskSize	98304
root:cloud:myCloud:compute:compute_host:node-16.me:used_cores	0.0	0.0
root:cloud:myCloud:compute:compute_host:node-17.me	cores	24.0
root:cloud:myCloud:compute:compute_host:node-17.me	ram_size	98304
root:cloud:myCloud:compute:compute_host:node-17.me	diskSize	98304
root:cloud:myCloud:compute:compute_host:node-17.me:used_cores	0.0	0.0
root:cloud:myCloud:compute:compute_host:node-18.me	cores	24.0
root:cloud:myCloud:compute:compute_host:node-18.me	ram_size	98304
root:cloud:myCloud:compute:compute_host:node-18.me	diskSize	98304
root:cloud:myCloud:compute:compute_host:node-18.me:used_cores	0.0	0.0
root:cloud:myCloud:compute:compute_host:node-19.me	cores	24.0
root:cloud:myCloud:compute:compute_host:node-19.me	ram_size	98304
root:cloud:myCloud:compute:compute_host:node-19.me	diskSize	98304
root:cloud:myCloud:compute:compute_host:node-19.me:used_cores	0.0	0.0
root:cloud:myCloud:compute:compute_host:node-20.me	cores	24.0
root:cloud:myCloud:compute:compute_host:node-20.me	ram_size	98304
root:cloud:myCloud:compute:compute_host:node-20.me	diskSize	98304
root:cloud:myCloud:compute:compute_host:node-20.me:used_cores	0.0	0.0
root:cloud:myCloud:compute:compute_host:node-21.me	cores	24.0
root:cloud:myCloud:compute:compute_host:node-21.me	ram_size	98304
root:cloud:myCloud:compute:compute_host:node-21.me	diskSize	98304
root:cloud:myCloud:compute:compute_host:node-21.me:used_cores	0.0	0.0
root:cloud:myCloud:compute:compute_host:node-22.me	cores	24.0
root:cloud:myCloud:compute:compute_host:node-22.me	ram_size	98304
root:cloud:myCloud:compute:compute_host:node-22.me	diskSize	98304
root:cloud:myCloud:compute:compute_host:node-22.me:used_cores	0.0	0.0
root:cloud:myCloud:compute:compute_host:node-23.me	cores	24.0
root:cloud:myCloud:compute:compute_host:node-23.me	ram_size	98304
root:cloud:myCloud:compute:compute_host:node-23.me	diskSize	98304
root:cloud:myCloud:compute:compute_host:node-23.me:used_cores	0.0	0.0
root:cloud:myCloud:compute:compute_host:node-24.me	cores	24.0
root:cloud:myCloud:compute:compute_host:node-24.me	ram_size	98304
root:cloud:myCloud:compute:compute_host:node-24.me	diskSize	98304
root:cloud:myCloud:compute:compute_host:node-24.me:used_cores	0.0	0.0
root:cloud:myCloud:compute:compute_host:node-25.me	cores	24.0
root:cloud:myCloud:compute:compute_host:node-25.me	ram_size	98304
root:cloud:myCloud:compute:compute_host:node-25.me	diskSize	98304
root:cloud:myCloud:compute:compute_host:node-25.me:used_cores	0.0	0.0
root:cloud:myCloud:compute:compute_host:node-26.me	cores	24.0
root:cloud:myCloud:compute:compute_host:node-26.me	ram_size	98304
root:cloud:myCloud:compute:compute_host:node-26.me	diskSize	98304
root:cloud:myCloud:compute:compute_host:node-26.me:used_cores	0.0	0.0
root:cloud:myCloud:compute:compute_host:node-27.me	cores	24.0
root:cloud:myCloud:compute:compute_host:node-27.me	ram_size	98304
root:cloud:myCloud:compute:compute_host:node-27.me	diskSize	98304
root:cloud:myCloud:compute:compute_host:node-27.me:used_cores	0.0	0.0
root:cloud:myCloud:compute:compute_host:node-28.me	cores	24.0
root:cloud:myCloud:compute:compute_host:node-28.me	ram_size	98304
root:cloud:myCloud:compute:compute_host:node-28.me	diskSize	98304
root:cloud:myCloud:compute:compute_host:node-28.me:used_cores	0.0	0.0
root:cloud:myCloud:compute:compute_host:node-29.me	cores	24.0
root:cloud:myCloud:compute:compute_host:node-29.me	ram_size	98304
root:cloud:myCloud:compute:compute_host:node-29.me	diskSize	98304
root:cloud:myCloud:compute:compute_host:node-29.me:used_cores	0.0	0.0
root:cloud:myCloud:compute:compute_host:node-30.me	cores	24.0
root:cloud:myCloud:compute:compute_host:node-30.me	ram_size	98304
root:cloud:myCloud:compute:compute_host:node-30.me	diskSize	98304
root:cloud:myCloud:compute:compute_host:node-30.me:used_cores	0.0	0.0
root:cloud:myCloud:compute:compute_host:node-31.me	cores	24.0
root:cloud:myCloud:compute:compute_host:node-31.me	ram_size	98304
root:cloud:myCloud:compute:compute_host:node-31.me	diskSize	98304
root:cloud:myCloud:compute:compute_host:node-31.me:used_cores	0.0	0.0
root:cloud:myCloud:compute:compute_host:node-32.me	cores	24.0
root:cloud:myCloud:compute:compute_host:node-32.me	ram_size	98304
root:cloud:myCloud:compute:compute_host:node-32.me	diskSize	98304
root:cloud:myCloud:compute:compute_host:node-32.me:used_cores	0.0	0.0
root:cloud:myCloud:compute:compute_host:node-33.me	cores	24.0
root:cloud:myCloud:compute:compute_host:node-33.me	ram_size	98304
root:cloud:myCloud:compute:compute_host:node-33.me	diskSize	98304
root:cloud:myCloud:compute:compute_host:node-33.me:used_cores	0.0	0.0
root:cloud:myCloud:compute:compute_host:node-34.me	cores	24.0
root:cloud:myCloud:compute:compute_host:node-34.me	ram_size	98304
root:cloud:myCloud:compute:compute_host:node-34.me	diskSize	98304
root:cloud:myCloud:compute:compute_host:node-34.me:used_cores	0.0	0.0
root:cloud:myCloud:compute:compute_host:node-35.me	cores	24.0
root:cloud:myCloud:compute:compute_host:node-35.me	ram_size	98304
root:cloud:myCloud:compute:compute_host:node-35.me	diskSize	98304
root:cloud:myCloud:compute:compute_host:node-35.me:used_cores	0.0	0.0
root:cloud:myCloud:compute:compute_host:node-36.me	cores	24.0
root:cloud:myCloud:compute:compute_host:node-36.me	ram_size	98304
root:cloud:myCloud:compute:compute_host:node-36.me	diskSize	98304
root:cloud:myCloud:compute:compute_host:node-36.me:used_cores	0.0	0.0
root:cloud:myCloud:compute:compute_host:node-37.me	cores	24.0
root:cloud:myCloud:compute:compute_host:node-37.me	ram_size	98304
root:cloud:myCloud:compute:compute_host:node-37.me	diskSize	98304
root:cloud:myCloud:compute:compute_host:node-37.me:used_cores	0.0	0.0
root:cloud:myCloud:compute:compute_host:node-38.me	cores	24.0
root:cloud:myCloud:compute:compute_host:node-38.me	ram_size	98304
root:cloud:myCloud:compute:compute_host:node-38.me	diskSize	98304
root:cloud:myCloud:compute:compute_host:node-38.me:used_cores	0.0	0.0
root:cloud:myCloud:compute:compute_host:node-39.me	cores	24.0
root:cloud:myCloud:compute:compute_host:node-39.me	ram_size	98304
root:cloud:myCloud:compute:compute_host:node-39.me	diskSize	98304
root:cloud:myCloud:compute:compute_host:node-39.me:used_cores	0.0	0.0
root:cloud:myCloud:compute:compute_host:node-40.me	cores	24.0
root:cloud:myCloud:compute:compute_host:node-40.me	ram_size	98304
root:cloud:myCloud:compute:compute_host:node-40.me	diskSize	98304
root:cloud:myCloud:compute:compute_host:node-40.me:used_cores	0.0	0.0
root:cloud:myCloud:compute:compute_host:node-41.me	cores	24.0
root:cloud:myCloud:compute:compute_host:node-41.me	ram_size	98304
root:cloud:myCloud:compute:compute_host:node-41.me	diskSize	98304
root:cloud:myCloud:compute:compute_host:node-41.me:used_cores	0.0	0.0
root:cloud:myCloud:compute:compute_host:node-42.me	cores	24.0
root:cloud:myCloud:compute:compute_host:node-42.me	ram_size	98304
root:cloud:myCloud:compute:compute_host:node-42.me	diskSize	98304
root:cloud:myCloud:compute:compute_host:node-42.me:used_cores	0.0	0.0
root:cloud:myCloud:compute:compute_host:node-43.me	cores	24.0
root:cloud:myCloud:compute:compute_host:node-43.me	ram_size	98304
root:cloud:myCloud:compute:compute_host:node-43.me	diskSize	98304
root:cloud:myCloud:compute:compute_host:node-43.me:used_cores	0.0	0.0
root:cloud:myCloud:compute:compute_host:node-44.me	cores	24.0
root:cloud:myCloud:compute:compute_host:node-44.me	ram_size	98304
root:cloud:myCloud:compute:compute_host:node-44.me	diskSize	98304
root:cloud:myCloud:compute:compute_host:node-44.me:used_cores	0.0	0.0
root:cloud:myCloud:compute:compute_host:node-45.me	cores	24.0
root:cloud:myCloud:compute:compute_host:node-45.me	ram_size	98304
root:cloud:myCloud:compute:compute_host:node-45.me	diskSize	98304
root:cloud:myCloud:compute:compute_host:node-45.me:used_cores	0.0	0.0
root:cloud:myCloud:compute:compute_host:node-46.me	cores	24.0
root:cloud:myCloud:compute:compute_host:node-46.me	ram_size	98304
root:cloud:myCloud:compute:compute_host:node-46.me	diskSize	98304
root:cloud:myCloud:compute:compute_host:node-46.me:used_cores	0.0	0.0
root:cloud:myCloud:compute:compute_host:node-47.me	cores	24.0
root:cloud:myCloud:compute:compute_host:node-47.me	ram_size	98304
root:cloud:myCloud:compute:compute_host:node-47.me	diskSize	98304
root:cloud:myCloud:compute:compute_host:node-47.me:used_cores	0.0	0.0
root:cloud:myCloud:compute:compute_host:node-48.me	cores	24.0
root:cloud:myCloud:compute:compute_host:node-48.me	ram_size	98304
root:cloud:myCloud:compute:compute_host:node-48.me	diskSize	98304
root:cloud:myCloud:compute:compute_host:node-48.me:used_cores	0.0	0.0
root:cloud:myCloud:compute:compute_host:node-49.me	cores	24.0
root:cloud:myCloud:compute:compute_host:node-49.me	ram_size	98304
root:cloud:myCloud:compute:compute_host:node-49.me	diskSize	98304
root:cloud:myCloud:compute:compute_host:node-49.me:used_cores	0.0	0.0
root:cloud:myCloud:compute:compute_host:node-50.me	cores	24.0
root:cloud:myCloud:compute:compute_host:node-50.me	ram_size	98304
root:cloud:myCloud:compute:compute_host:node-50.me	diskSize	98304
root:cloud:myCloud:compute:compute_host:node-50.me:used_cores	0.0	0.0
root:cloud:myCloud:compute:compute_host:node-51.me	cores	24.0
root:cloud:myCloud:compute:compute_host:node-51.me	ram_size	98304
root:cloud:myCloud:compute:compute_host:node-51.me	diskSize	98304
root:cloud:myCloud:compute:compute_host:node-51.me:used_cores	0.0	0.0
root:cloud:myCloud:compute:compute_host:node-52.me	cores	24.0
root:cloud:myCloud:compute:compute_host:node-52.me	ram_size	98304
root:cloud:myCloud:compute:compute_host:node-52.me	diskSize	98304
root:cloud:myCloud:compute:compute_host:node-52.me:used_cores	0.0	0.0
root:cloud:myCloud:compute:compute_host:node-53.me	cores	24.0
root:cloud:myCloud:compute:compute_host:node-53.me	ram_size	98304
root:cloud:myCloud:compute:compute_host:node-53.me	diskSize	98304
root:cloud:myCloud:compute:compute_host:node-53.me:used_cores	0.0	0.0
root:cloud:myCloud:compute:compute_host:node-54.me	cores	24.0
root:cloud:myCloud:compute:compute_host:node-54.me	ram_size	98304
root:cloud:myCloud:compute:compute_host:node-54.me	diskSize	98304
root:cloud:myCloud:compute:compute_host:node-54.me:used_cores	0.0	0.0
root:cloud:myCloud:compute:compute_host:node-55.me	cores	24.0
root:cloud:myCloud:compute:compute_host:node-55.me	ram_size	98304
root:cloud:myCloud:compute:compute_host:node-55.me	diskSize	98304
root:cloud:myCloud:compute:compute_host:node-55.me:used_cores	0.0	0.0
root:cloud:myCloud:compute:compute_host:node-56.me	cores	24.0
root:cloud:myCloud:compute:compute_host:node-56.me	ram_size	98304
root:cloud:myCloud:compute:compute_host:node-56.me	diskSize	98304
root:cloud:myCloud:compute:compute_host:node-56.me:used_cores	0.0	0.0
root:cloud:myCloud:compute:compute_host:node-57.me	cores	24.0
root:cloud:myCloud:compute:compute_host:node-57.me	ram_size	98304
root:cloud:myCloud:compute:compute_host:node-57.me	diskSize	98304
root:cloud:myCloud:compute:compute_host:node-57.me:used_cores	0.0	0.0
root:cloud:myCloud:compute:compute_host:node-58.me	cores	24.0
root:cloud:myCloud:compute:compute_host:node-58.me	ram_size	98304
root:cloud:myCloud:compute:compute_host:node-58.me	diskSize	98304
root:cloud:myCloud:compute:compute_host:node-58.me:used_cores	0.0	0.0
root:cloud:myCloud:compute:compute_host:node-59.me	cores	24.0
root:cloud:myCloud:compute:compute_host:node-59.me	ram_size	98304
root:cloud:myCloud:compute:compute_host:node-59.me	diskSize	98304
root:cloud:myCloud:compute:compute_host:node-59.me:used_cores	0.0	0.0
root:cloud:myCloud:compute:compute_host:node-60.me	cores	24.0
root:cloud:myCloud:compute:compute_host:node-60.me	ram_size	98304
root:cloud:myCloud:compute:compute_host:node-60.me	diskSize	98304
root:cloud:myCloud:compute:compute_host:node-60.me:used_cores	0.0	0.0
root:cloud:myCloud:compute:compute_host:node-61.me	cores	24.0
root:cloud:myCloud:compute:compute_host:node-61.me	ram_size	98304
root:cloud:myCloud:compute:compute_host:node-61.me	diskSize	98304
root:cloud:myCloud:compute:compute_host:node-61.me:used_cores	0.0	0.0
root:cloud:myCloud:compute:compute_host:node-62.me	cores	24.0
root:cloud:myCloud:compute:compute_host:node-62.me	ram_size	98304
root:cloud:myCloud:compute:compute_host:node-62.me	diskSize	98304
root:cloud:myCloud:compute:compute_host:node-62.me:used_cores	0.0	0.0
root:cloud:myCloud:compute:compute_host:node-63.me	cores	24.0
root:cloud:myCloud:compute:compute_host:node-63.me	ram_size	98304
root:cloud:myCloud:compute:compute_host:node-63.me	diskSize	98304
root:cloud:myCloud:compute:compute_host:node-63.me:used_cores	0.0	0.0
root:cloud:myCloud:compute:compute_host:node-64.me	cores	24.0
root:cloud:myCloud:compute:compute_host:node-64.me	ram_size	98304
root:cloud:myCloud:compute:compute_host:node-64.me	diskSize	98304
root:cloud:myCloud:compute:compute_host:node-64.me:used_cores	0.0	0.0
root:cloud:myCloud:compute:compute_host:node-65.me	cores	24.0
root:cloud:myCloud:compute:compute_host:node-65.me	ram_size	98304
root:cloud:myCloud:compute:compute_host:node-65.me	diskSize	98304
root:cloud:myCloud:compute:compute_host:node-65.me:used_cores	0.0	0.0
root:cloud:myCloud:compute:compute_host:node-66.me	cores	24.0
root:cloud:myCloud:compute:compute_host:node-66.me	ram_size	98304
root:cloud:myCloud:compute:compute_host:node-66.me	diskSize	98304
root:cloud:myCloud:compute:compute_host:node-66.me:used_cores	0.0	0.0
root:cloud:myCloud:compute:compute_host:node-67.me	cores	24.0
root:cloud:myCloud:compute:compute_host:node-67.me	ram_size	98304
root:cloud:myCloud:compute:compute_host:node-67.me	diskSize	98304
root:cloud:myCloud:compute:compute_host:node-67.me:used_cores	0.0	0.0
root:cloud:myCloud:compute:compute_host:node-68.me	cores	24.0
root:cloud:myCloud:compute:compute_host:node-68.me	ram_size	98304
root:cloud:myCloud:compute:compute_host:node-68.me	diskSize	98304
root:cloud:myCloud:compute:compute_host:node-68.me:used_cores	0.0	0.0
root:cloud:myCloud:compute:compute_host:node-69.me	cores	24.0
root:cloud:myCloud:compute:compute_host:node-69.me	ram_size	98304
root:cloud:myCloud:compute:compute_host:node-69.me	diskSize	98304
root:cloud:myCloud:compute:compute_host:node-69.me:used_cores	0.0	0.0
root:cloud:myCloud:compute:compute_host:node-70.me	cores	24.0
root:cloud:myCloud:compute:compute_host:node-70.me	ram_size	98304
root:cloud:myCloud:compute:compute_host:node-70.me	diskSize	98304
root:cloud:myCloud:compute:compute_host:node-70.me:used_cores	0.0	0.0
root:cloud:myCloud:compute:compute_host:node-71.me	cores	24.0
root:cloud:myCloud:compute:compute_host:node-71.me	ram_size	98304
root:cloud:myCloud:compute:compute_host:node-71.me	diskSize	98304
root:cloud:myCloud:compute:compute_host:node-71.me:used_cores	0.0	0.0
root:cloud:myCloud:compute:compute_host:node-72.me	cores	24.0
root:cloud:myCloud:compute:compute_host:node-72.me	ram_size	98304
root:cloud:myCloud:compute:compute_host:node-72.me	diskSize	98304
root:cloud:myCloud:compute:compute_host:node-72.me:used_cores	0.0	0.0
root:cloud:myCloud:compute:compute_host:node-73.me	cores	24.0
root:cloud:myCloud:compute:compute_host:node-73.me	ram_size	98304
root:cloud:myCloud:compute:compute_host:node-73.me	diskSize	98304
root:cloud:myCloud:compute:compute_host:node-73.me:used_cores	0.0	0.0
root:cloud:myCloud:compute:compute_host:node-74.me	cores	24.0
root:cloud:myCloud:compute:compute_host:node-74.me	ram_size	98304
root:cloud:myCloud:compute:compute_host:node-74.me	diskSize	98304
root:cloud:myCloud:compute:compute_host:node-74.me:used_cores	0.0	0.0
root:cloud:myCloud:compute:compute_host:node-75.me	cores	24.0
root:cloud:myCloud:compute:compute_host:node-75.me	ram_size	98304
root:cloud:myCloud:compute:compute_host:node-75.me	diskSize	98304
root:cloud:myCloud:compute:compute_host:node-75.me:used_cores	0.0	0.0
root:cloud:myCloud:compute:compute_host:node-76.me	cores	24.0
root:cloud:myCloud:compute:compute_host:node-76.me	ram_size	98304
root:cloud:myCloud:compute:compute_host:node-76.me	diskSize	98304
root:cloud:myCloud:compute:compute_host:node-76.me:used_cores	0.0	0.0
root:cloud:myCloud:compute:compute_host:node-77.me	cores	24.0
root:cloud:myCloud:compute:compute_host:node-77.me	ram_size	98304
root:cloud:myCloud:compute:compute_host:node-77.me	diskSize	98304
root:cloud:myCloud:compute:compute_host:node-77.me:used_cores	0.0	0.0
root:cloud:myCloud:compute:compute_host:node-78.me	cores	24.0
root:cloud:myCloud:compute:compute_host:node-78.me	ram_size	98304
root:cloud:myCloud:compute:compute_host:node-78.me	diskSize	98304
root:cloud:myCloud:compute:compute_host:node-78.me:used_cores	0.0	0.0
root:cloud:myCloud:compute:compute_host:node-79.me	cores	24.0
root:cloud:myCloud:compute:compute_host:node-79.me	ram_size	98304
root:cloud:myCloud:compute:compute_host:node-79.me	diskSize	98304
root:cloud:myCloud:compute:compute_host:node-79.me:used_cores	0.0	0.0
root:cloud:myCloud:compute:compute_host:node-80.me	cores	24.0
root:cloud:myCloud:compute:compute_host:node-80.me	ram_size	98304
root:cloud:myCloud:compute:compute_host:node-80.me	diskSize	98304
root:cloud:myCloud:compute:compute_host:node-80.me:used_cores	0.0	0.0
root:cloud:myCloud:compute:compute_host:node-81.me	cores	24.0
root:cloud:myCloud:compute:compute_host:node-81.me	ram_size	98304
root:cloud:myCloud:compute:compute_host:node-81.me	diskSize	98304
root:cloud:myCloud:compute:compute_host:node-81.me:used_cores	0.0	0.0
root:cloud:myCloud:compute:compute_host:node-82.me	cores	24.0
root:cloud:myCloud:compute:compute_host:node-82.me	ram_size	98304
root:cloud:myCloud:compute:compute_host:node-82.me	diskSize	98304
root:cloud:myCloud:compute:compute_host:node-82.me:used_cores	0.0	0.0
root:cloud:myCloud:compute:compute_host:node-83.me	cores	24.0
root:cloud:myCloud:compute:compute_host:node-83.me	ram_size	98304
root:cloud:myCloud:compute:compute_host:node-83.me	diskSize	98304
root:cloud:myCloud:compute:compute_host:node-83.me:used_cores	0.0	0.0
root:cloud:myCloud:compute:compute_host:node-84.me	cores	24.0
root:cloud:myCloud:compute:compute_host:node-84.me	ram_size	98304
root:cloud:myCloud:compute:compute_host:node-84.me	diskSize	98304
root:cloud:myCloud:compute:compute_host:node-84.me:used_cores	0.0	0.0
root:cloud:myCloud:compute:compute_host:node-85.me	cores	24.0
root:cloud:myCloud:compute:compute_host:node-85.me	ram_size	98304
root:cloud:myCloud:compute:compute_host:node-85.me	diskSize	98304
root:cloud:myCloud:compute:compute_host:node-85.me:used_cores	0.0	0.0
root:cloud:myCloud:compute:compute_host:node-86.me	cores	24.0
root:cloud:myCloud:compute:compute_host:node-86.me	ram_size	98304
root:cloud:myCloud:compute:compute_host:node-86.me	diskSize	98304
root:cloud:myCloud:compute:compute_host:node-86.me:used_cores	0.0	0.0
root:cloud:myCloud:compute:compute_host:node-87.me	cores	24.0
root:cloud:myCloud:compute:compute_host:node-87.me	ram_size	98304
root:cloud:myCloud:compute:compute_host:node-87.me	diskSize	98304
root:cloud:myCloud:compute:compute_host:node-87.me:used_cores	0.0	0.0
root:cloud:myCloud:compute:compute_host:node-88.me	cores	24.0
root:cloud:myCloud:compute:compute_host:node-88.me	ram_size	98304
root:cloud:myCloud:compute:compute_host:node-88.me	diskSize	98304
root:cloud:myCloud:compute:compute_host:node-88.me:used_cores	0.0	0.0
root:cloud:myCloud:compute:compute_host:node-89.me	cores	24.0
root:cloud:myCloud:compute:compute_host:node-89.me	ram_size	98304
root:cloud:myCloud:compute:compute_host:node-89.me	diskSize	98304
root:cloud:myCloud:compute:compute_host:node-89.me:used_cores	0.0	0.0
root:cloud:myCloud:compute:compute_host:node-90.me	cores	24.0
root:cloud:myCloud:compute:compute_host:node-90.me	ram_size	98304
root:cloud:myCloud:compute:compute_host:node-90.me	diskSize	98304
root:cloud:myCloud:compute:compute_host:node-90.me:used_cores	0.0	0.0
root:cloud:myCloud:compute:compute_host:node-91.me	cores	24.0
root:cloud:myCloud:compute:compute_host:node-91.me	ram_size	98304
root:cloud:myCloud:compute:compute_host:node-91.me	diskSize	98304
root:cloud:myCloud:compute:compute_host:node-91.me:used_cores	0.0	0.0
root:cloud:myCloud:compute:compute_host:node-92.me	cores	24.0
root:cloud:myCloud:compute:compute_host:node-92.me	ram_size	98304
root:cloud:myCloud:compute:compute_host:node-92.me	diskSize	98304
root:cloud:myCloud:compute:compute_host:node-92.me:used_cores	0.0	0.0
root:cloud:myCloud:compute:compute_host:node-93.me	cores	24.0
root:cloud:myCloud:compute:compute_host:node-93.me	ram_size	98304
root:cloud:myCloud:compute:compute_host:node-93.me	diskSize	98304
root:cloud:myCloud:compute:compute_host:node-93.me:used_cores	0.0	0.0
root:cloud:myCloud:compute:compute_host:node-94.me	cores	24.0
root:cloud:myCloud:compute:compute_host:node-94.me	ram_size	98304
root:cloud:myCloud:compute:compute_host:node-94.me	diskSize	98304
root:cloud:myCloud:compute:compute_host:node-94.me:used_cores	0.0	0.0
root:cloud:myCloud:compute:compute_host:node-95.me	cores	24.0
root:cloud:myCloud:compute:compute_host:node-95.me	ram_size	98304
root:cloud:myCloud:compute:compute_host:node-95.me	diskSize	98304
root:cloud:myCloud:compute:compute_host:node-95.me:used_cores	0.0	0.0
root:cloud:myCloud:compute:compute_host:node-96.me	cores	24.0
root:cloud:myCloud:compute:compute_host:node-96.me	ram_size	98304
root:cloud:myCloud:compute:compute_host:node-96.me	diskSize	98304
root:cloud:myCloud:compute:compute_host:node-96.me:used_cores	0.0	0.0
root:cloud:myCloud:compute:compute_host:node-97.me	cores	24.0
root:cloud:myCloud:compute:compute_host:node-97.me	ram_size	98304
root:cloud:myCloud:compute:compute_host:node-97.me	diskSize	98304
root:cloud:myCloud:compute:compute_host:node-97.me:used_cores	0.0	0.0
root:cloud:myCloud:compute:compute_host:node-98.me	cores	24.0
root:cloud:myCloud:compute:compute_host:node-98.me	ram_size	98304
root:cloud:myCloud:compute:compute_host:node-98.me	diskSize	98304
root:cloud:myCloud:compute:compute_host:node-98.me:used_cores	0.0	0.0
root:cloud:myCloud:compute:compute_host:node-99.me	cores	24.0
root:cloud:myCloud:compute:compute_host:node-99.me	ram_size	98304
root:cloud:myCloud:compute:compute_host:node-99.me	diskSize	98304
root:cloud:myCloud:compute:compute_host:node-99.me:used_cores	0.0	0.0
root:cloud:myCloud:compute:compute_host:node-100.me	cores	24.0
root:cloud:myCloud:compute:compute_host:node-100.me	ram_size	98304
root:cloud:myCloud:compute:compute_host:node-100.me	diskSize	98304
root:cloud:myCloud:compute:compute_host:node-100.me:used_cores	0.0	0.0
root:cloud:myCloud:compute:scheduler	name	org.simgrid.schiaas.engine.compute.scheduler.simplescheduler.SimpleScheduler
root:cloud:myCloud:compute:scheduler	delay	1
root:cloud:myCloud:compute:scheduler	controller	controller
root:cloud:myCloud:compute:scheduler	type	consolidator
root:cloud:myCloud:compute	image_caching	PRE
root:cloud:myCloud:compute	inter_boot_delay	10
root:cloud:myCloud:compute	engine	org.simgrid.schiaas.engine.compute.rice.Rice
root:cloud:myCloud:compute	image_storage	myStorage
root:cloud:myCloud:compute	controller	controller
root:injector:myGoogleClusterInjector	injector	class org.simgrid.schiaas.loadinjector.injectors.GoogleClusterInjector
root:injector:myGoogleClusterInjector	random_seed	1457616526501
root:cloud:myCloud:compute:instances:myCloud-000	image	myImage
root:cloud:myCloud:compute:instances:myCloud-000	instance_type	anon
root:cloud:myCloud:compute:instances:myCloud-000:command	0.0	runinstance
root:cloud:myCloud:compute:instances:myCloud-000:schedule	0.0	node-1.me
root:cloud:myCloud:compute:compute_host:node-1.me:used_cores	0.0	0.2871200000000016
root:vm:myCloud-000_VM	n_cores	0.28712
root:vm:myCloud-000_VM	ram_size	0
root:vm:myCloud-000_VM	net_cap	125
root:vm:myCloud-000_VM	disk_path	/default
root:vm:myCloud-000_VM	disk_size	0
root:vm:myCloud-000_VM	mig_net_speed	125
root:vm:myCloud-000_VM	dp_intensity	60
root:vm:myCloud-000_VM:state	0.0	pending
root:cloud:myCloud:compute:instances:myCloud-001	image	myImage
root:cloud:myCloud:compute:instances:myCloud-001	instance_type	anon
root:cloud:myCloud:compute:instances:myCloud-001:command	0.0	runinstance
root:cloud:myCloud:compute:instances:myCloud-001:schedule	0.0	node-1.me
root:cloud:myCloud:compute:compute_host:node-1.me:used_cores	0.0	0.5742400000000032
root:vm:myCloud-001_VM	n_cores	0.28712
root:vm:myCloud-001_VM	ram_size	0
root:vm:myCloud-001_VM	net_cap	125
root:vm:myCloud-001_VM	disk_path	/default
root:vm:myCloud-001_VM	disk_size	0
root:vm:myCloud-001_VM	mig_net_speed	125
root:vm:myCloud-001_VM	dp_intensity	60
root:vm:myCloud-001_VM:state	0.0	pending
root:cloud:myCloud:compute:instances:myCloud-002	image	myImage
root:cloud:myCloud:compute:instances:myCloud-002	instance_type	anon
root:cloud:myCloud:compute:instances:myCloud-002:command	0.0	runinstance
root:cloud:myCloud:compute:instances:myCloud-002:schedule	0.0	node-1.me
root:cloud:myCloud:compute:compute_host:node-1.me:used_cores	0.0	0.8613600000000048
root:vm:myCloud-002_VM	n_cores	0.28712
root:vm:myCloud-002_VM	ram_size	0
root:vm:myCloud-002_VM	net_cap	125
root:vm:myCloud-002_VM	disk_path	/default
root:vm:myCloud-002_VM	disk_size	0
root:vm:myCloud-002_VM	mig_net_speed	125
root:vm:myCloud-002_VM	dp_intensity	60
root:vm:myCloud-002_VM:state	0.0	pending
root:cloud:myCloud:compute:instances:myCloud-003	image	myImage
root:cloud:myCloud:compute:instances:myCloud-003	instance_type	anon
root:cloud:myCloud:compute:instances:myCloud-003:command	0.0	runinstance
root:cloud:myCloud:compute:instances:myCloud-003:schedule	0.0	node-1.me
root:cloud:myCloud:compute:compute_host:node-1.me:used_cores	0.0	1.1484800000000064
root:vm:myCloud-003_VM	n_cores	0.28712
root:vm:myCloud-003_VM	ram_size	0
root:vm:myCloud-003_VM	net_cap	125
root:vm:myCloud-003_VM	disk_path	/default
root:vm:myCloud-003_VM	disk_size	0
root:vm:myCloud-003_VM	mig_net_speed	125
root:vm:myCloud-003_VM	dp_intensity	60
root:vm:myCloud-003_VM:state	0.0	pending
root:cloud:myCloud:compute:instances:myCloud-004	image	myImage
root:cloud:myCloud:compute:instances:myCloud-004	instance_type	anon
root:cloud:myCloud:compute:instances:myCloud-004:command	0.0	runinstance
root:cloud:myCloud:compute:instances:myCloud-004:schedule	0.0	node-1.me
root:cloud:myCloud:compute:compute_host:node-1.me:used_cores	0.0	1.435600000000008
root:vm:myCloud-004_VM	n_cores	0.28712
root:vm:myCloud-004_VM	ram_size	0
root:vm:myCloud-004_VM	net_cap	125
root:vm:myCloud-004_VM	disk_path	/default
root:vm:myCloud-004_VM	disk_size	0
root:vm:myCloud-004_VM	mig_net_speed	125
root:vm:myCloud-004_VM	dp_intensity	60
root:vm:myCloud-004_VM:state	0.0	pending
root:cloud:myCloud:compute:instances:myCloud-005	image	myImage
root:cloud:myCloud:compute:instances:myCloud-005	instance_type	anon
root:cloud:myCloud:compute:instances:myCloud-005:command	0.0	runinstance
root:cloud:myCloud:compute:instances:myCloud-005:schedule	0.0	node-1.me
root:cloud:myCloud:compute:compute_host:node-1.me:used_cores	0.0	1.7227200000000096
root:vm:myCloud-005_VM	n_cores	0.28712
root:vm:myCloud-005_VM	ram_size	0
root:vm:myCloud-005_VM	net_cap	125
root:vm:myCloud-005_VM	disk_path	/default
root:vm:myCloud-005_VM	disk_size	0
root:vm:myCloud-005_VM	mig_net_speed	125
root:vm:myCloud-005_VM	dp_intensity	60
root:vm:myCloud-005_VM:state	0.0	pending
root:cloud:myCloud:compute:instances:myCloud-006	image	myImage
root:cloud:myCloud:compute:instances:myCloud-006	instance_type	anon
root:cloud:myCloud:compute:instances:myCloud-006:command	0.0	runinstance
root:cloud:myCloud:compute:instances:myCloud-006:schedule	0.0	node-1.me
root:cloud:myCloud:compute:compute_host:node-1.me:used_cores	0.0	2.009840000000011
root:vm:myCloud-006_VM	n_cores	0.28712
root:vm:myCloud-006_VM	ram_size	0
root:vm:myCloud-006_VM	net_cap	125
root:vm:myCloud-006_VM	disk_path	/default
root:vm:myCloud-006_VM	disk_size	0
root:vm:myCloud-006_VM	mig_net_speed	125
root:vm:myCloud-006_VM	dp_intensity	60
root:vm:myCloud-006_VM:state	0.0	pending
root:cloud:myCloud:compute:instances:myCloud-007	image	myImage
root:cloud:myCloud:compute:instances:myCloud-007	instance_type	anon
root:cloud:myCloud:compute:instances:myCloud-007:command	0.0	runinstance
root:cloud:myCloud:compute:instances:myCloud-007:schedule	0.0	node-1.me
root:cloud:myCloud:compute:compute_host:node-1.me:used_cores	0.0	2.2969600000000128
root:vm:myCloud-007_VM	n_cores	0.28712
root:vm:myCloud-007_VM	ram_size	0
root:vm:myCloud-007_VM	net_cap	125
root:vm:myCloud-007_VM	disk_path	/default
root:vm:myCloud-007_VM	disk_size	0
root:vm:myCloud-007_VM	mig_net_speed	125
root:vm:myCloud-007_VM	dp_intensity	60
root:vm:myCloud-007_VM:state	0.0	pending
root:cloud:myCloud:compute:instances:myCloud-008	image	myImage
root:cloud:myCloud:compute:instances:myCloud-008	instance_type	anon
root:cloud:myCloud:compute:instances:myCloud-008:command	0.0	runinstance
root:cloud:myCloud:compute:instances:myCloud-008:schedule	0.0	node-1.me
root:cloud:myCloud:compute:compute_host:node-1.me:used_cores	0.0	2.5840800000000144
root:vm:myCloud-008_VM	n_cores	0.28712
root:vm:myCloud-008_VM	ram_size	0
root:vm:myCloud-008_VM	net_cap	125
root:vm:myCloud-008_VM	disk_path	/default
root:vm:myCloud-008_VM	disk_size	0
root:vm:myCloud-008_VM	mig_net_speed	125
root:vm:myCloud-008_VM	dp_intensity	60
root:vm:myCloud-008_VM:state	0.0	pending
root:cloud:myCloud:compute:instances:myCloud-009	image	myImage
root:cloud:myCloud:compute:instances:myCloud-009	instance_type	anon
root:cloud:myCloud:compute:instances:myCloud-009:command	0.0	runinstance
root:cloud:myCloud:compute:instances:myCloud-009:schedule	0.0	node-1.me
root:cloud:myCloud:compute:compute_host:node-1.me:used_cores	0.0	2.871200000000016
root:vm:myCloud-009_VM	n_cores	0.28712
root:vm:myCloud-009_VM	ram_size	0
root:vm:myCloud-009_VM	net_cap	125
root:vm:myCloud-009_VM	disk_path	/default
root:vm:myCloud-009_VM	disk_size	0
root:vm:myCloud-009_VM	mig_net_speed	125
root:vm:myCloud-009_VM	dp_intensity	60
root:vm:myCloud-009_VM:state	0.0	pending
root:cloud:myCloud:compute:instances:myCloud-010	image	myImage
root:cloud:myCloud:compute:instances:myCloud-010	instance_type	anon
root:cloud:myCloud:compute:instances:myCloud-010:command	0.0	runinstance
root:cloud:myCloud:compute:instances:myCloud-010:schedule	0.0	node-1.me
root:cloud:myCloud:compute:compute_host:node-1.me:used_cores	0.0	3.1583200000000176
root:vm:myCloud-010_VM	n_cores	0.28712
root:vm:myCloud-010_VM	ram_size	0
root:vm:myCloud-010_VM	net_cap	125
root:vm:myCloud-010_VM	disk_path	/default
root:vm:myCloud-010_VM	disk_size	0
root:vm:myCloud-010_VM	mig_net_speed	125
root:vm:myCloud-010_VM	dp_intensity	60
root:vm:myCloud-010_VM:state	0.0	pending
root:cloud:myCloud:compute:instances:myCloud-011	image	myImage
root:cloud:myCloud:compute:instances:myCloud-011	instance_type	anon
root:cloud:myCloud:compute:instances:myCloud-011:command	0.0	runinstance
root:cloud:myCloud:compute:instances:myCloud-011:schedule	0.0	node-1.me
root:cloud:myCloud:compute:compute_host:node-1.me:used_cores	0.0	3.445440000000019
root:vm:myCloud-011_VM	n_cores	0.28712
root:vm:myCloud-011_VM	ram_size	0
root:vm:myCloud-011_VM	net_cap	125
root:vm:myCloud-011_VM	disk_path	/default
root:vm:myCloud-011_VM	disk_size	0
root:vm:myCloud-011_VM	mig_net_speed	125
root:vm:myCloud-011_VM	dp_intensity	60
root:vm:myCloud-011_VM:state	0.0	pending
root:cloud:myCloud:compute:instances:myCloud-012	image	myImage
root:cloud:myCloud:compute:instances:myCloud-012	instance_type	anon
root:cloud:myCloud:compute:instances:myCloud-012:command	0.0	runinstance
root:cloud:myCloud:compute:instances:myCloud-012:schedule	0.0	node-1.me
root:cloud:myCloud:compute:compute_host:node-1.me:used_cores	0.0	3.7325600000000208
root:vm:myCloud-012_VM	n_cores	0.28712
root:vm:myCloud-012_VM	ram_size	0
root:vm:myCloud-012_VM	net_cap	125
root:vm:myCloud-012_VM	disk_path	/default
root:vm:myCloud-012_VM	disk_size	0
root:vm:myCloud-012_VM	mig_net_speed	125
root:vm:myCloud-012_VM	dp_intensity	60
root:vm:myCloud-012_VM:state	0.0	pending
root:cloud:myCloud:compute:instances:myCloud-013	image	myImage
root:cloud:myCloud:compute:instances:myCloud-013	instance_type	anon
root:cloud:myCloud:compute:instances:myCloud-013:command	0.0	runinstance
root:cloud:myCloud:compute:instances:myCloud-013:schedule	0.0	node-1.me
root:cloud:myCloud:compute:compute_host:node-1.me:used_cores	0.0	4.019680000000022
root:vm:myCloud-013_VM	n_cores	0.28712
root:vm:myCloud-013_VM	ram_size	0
root:vm:myCloud-013_VM	net_cap	125
root:vm:myCloud-013_VM	disk_path	/default
root:vm:myCloud-013_VM	disk_size	0
root:vm:myCloud-013_VM	mig_net_speed	125
root:vm:myCloud-013_VM	dp_intensity	60
root:vm:myCloud-013_VM:state	0.0	pending
root:cloud:myCloud:compute:instances:myCloud-014	image	myImage
root:cloud:myCloud:compute:instances:myCloud-014	instance_type	anon
root:cloud:myCloud:compute:instances:myCloud-014:command	0.0	runinstance
root:cloud:myCloud:compute:instances:myCloud-014:schedule	0.0	node-1.me
root:cloud:myCloud:compute:compute_host:node-1.me:used_cores	0.0	4.306800000000024
root:vm:myCloud-014_VM	n_cores	0.28712
root:vm:myCloud-014_VM	ram_size	0
root:vm:myCloud-014_VM	net_cap	125
root:vm:myCloud-014_VM	disk_path	/default
root:vm:myCloud-014_VM	disk_size	0
root:vm:myCloud-014_VM	mig_net_speed	125
root:vm:myCloud-014_VM	dp_intensity	60
root:vm:myCloud-014_VM:state	0.0	pending
root:cloud:myCloud:compute:instances:myCloud-015	image	myImage
root:cloud:myCloud:compute:instances:myCloud-015	instance_type	anon
root:cloud:myCloud:compute:instances:myCloud-015:command	0.0	runinstance
root:cloud:myCloud:compute:instances:myCloud-015:schedule	0.0	node-1.me
root:cloud:myCloud:compute:compute_host:node-1.me:used_cores	0.0	4.5939200000000255
root:vm:myCloud-015_VM	n_cores	0.28712
root:vm:myCloud-015_VM	ram_size	0
root:vm:myCloud-015_VM	net_cap	125
root:vm:myCloud-015_VM	disk_path	/default
root:vm:myCloud-015_VM	disk_size	0
root:vm:myCloud-015_VM	mig_net_speed	125
root:vm:myCloud-015_VM	dp_intensity	60
root:vm:myCloud-015_VM:state	0.0	pending
root:cloud:myCloud:compute:instances:myCloud-016	image	myImage
root:cloud:myCloud:compute:instances:myCloud-016	instance_type	anon
root:cloud:myCloud:compute:instances:myCloud-016:command	0.0	runinstance
root:cloud:myCloud:compute:instances:myCloud-016:schedule	0.0	node-1.me
root:cloud:myCloud:compute:compute_host:node-1.me:used_cores	0.0	4.881040000000027
root:vm:myCloud-016_VM	n_cores	0.28712
root:vm:myCloud-016_VM	ram_size	0
root:vm:myCloud-016_VM	net_cap	125
root:vm:myCloud-016_VM	disk_path	/default
root:vm:myCloud-016_VM	disk_size	0
root:vm:myCloud-016_VM	mig_net_speed	125
root:vm:myCloud-016_VM	dp_intensity	60
root:vm:myCloud-016_VM:state	0.0	pending
root:vm:myCloud-001_VM:state	0.007824402061855671	booting
root:vm:myCloud-001_VM:state	0.007824402061855671	running
root:vm:myCloud-000_VM:state	10.007824402061855	booting
root:vm:myCloud-000_VM:state	10.007824402061855	running
root:vm:myCloud-016_VM:state	20.007824402061857	booting
root:vm:myCloud-016_VM:state	20.007824402061857	running
root:vm:myCloud-015_VM:state	30.007824402061857	booting
root:vm:myCloud-015_VM:state	30.007824402061857	running
root:vm:myCloud-014_VM:state	40.00782440206186	booting
root:vm:myCloud-014_VM:state	40.00782440206186	running
root:vm:myCloud-013_VM:state	50.00782440206186	booting
root:vm:myCloud-013_VM:state	50.00782440206186	running
root:vm:myCloud-012_VM:state	60.00782440206186	booting
root:vm:myCloud-012_VM:state	60.00782440206186	running
root:vm:myCloud-011_VM:state	70.00782440206186	booting
root:vm:myCloud-011_VM:state	70.00782440206186	running
root:vm:myCloud-010_VM:state	80.00782440206186	booting
root:vm:myCloud-010_VM:state	80.00782440206186	running
root:vm:myCloud-009_VM:state	90.00782440206186	booting
root:vm:myCloud-009_VM:state	90.00782440206186	running
root:vm:myCloud-008_VM:state	100.00782440206186	booting
root:vm:myCloud-008_VM:state	100.00782440206186	running
root:vm:myCloud-007_VM:state	110.00782440206186	booting
root:vm:myCloud-007_VM:state	110.00782440206186	running
root:vm:myCloud-006_VM:state	120.00782440206186	booting
root:vm:myCloud-006_VM:state	120.00782440206186	running
root:vm:myCloud-005_VM:state	130.00782440206186	booting
root:vm:myCloud-005_VM:state	130.00782440206186	running
root:vm:myCloud-004_VM:state	140.00782440206186	booting
root:vm:myCloud-004_VM:state	140.00782440206186	running
root:vm:myCloud-003_VM:state	150.00782440206186	booting
root:vm:myCloud-003_VM:state	150.00782440206186	running
root:vm:myCloud-002_VM:state	160.00782440206186	booting
root:vm:myCloud-002_VM:state	160.00782440206186	running
root:cloud:myCloud:compute:instances:myCloud-017	image	myImage
root:cloud:myCloud:compute:instances:myCloud-017	instance_type	anon
root:cloud:myCloud:compute:instances:myCloud-017:command	1.487953729E9	runinstance
root:cloud:myCloud:compute:instances:myCloud-017:schedule	1.487953729E9	node-1.me
root:cloud:myCloud:compute:compute_host:node-1.me:used_cores	1.487953729E9	5.168160000000029
root:vm:myCloud-017_VM	n_cores	0.28712
root:vm:myCloud-017_VM	ram_size	0
root:vm:myCloud-017_VM	net_cap	125
root:vm:myCloud-017_VM	disk_path	/default
root:vm:myCloud-017_VM	disk_size	0
root:vm:myCloud-017_VM	mig_net_speed	125
root:vm:myCloud-017_VM	dp_intensity	60
root:vm:myCloud-017_VM:state	1.487953729E9	pending
root:vm:myCloud-017_VM:state	1.4879537290078073E9	booting
root:vm:myCloud-017_VM:state	1.4879537290078073E9	running
root:cloud:myCloud:compute:instances:myCloud-012:command	1.488851231E9	terminate
root:cloud:myCloud:compute:compute_host:node-1.me:used_cores	1.4888512310078073E9	4.168160000000029
root:vm:myCloud-012_VM:state	1.4888512310078073E9	shutingdown
root:vm:myCloud-012_VM:state	1.4888512310078073E9	shutdown
root:cloud:myCloud:compute:instances:myCloud-018	image	myImage
root:cloud:myCloud:compute:instances:myCloud-018	instance_type	anon
root:cloud:myCloud:compute:instances:myCloud-018:command	1.490566327E9	runinstance
root:cloud:myCloud:compute:instances:myCloud-018:schedule	1.490566327E9	node-1.me
root:cloud:myCloud:compute:compute_host:node-1.me:used_cores	1.490566327E9	4.45528000000003
root:vm:myCloud-018_VM	n_cores	0.28712
root:vm:myCloud-018_VM	ram_size	0
root:vm:myCloud-018_VM	net_cap	125
root:vm:myCloud-018_VM	disk_path	/default
root:vm:myCloud-018_VM	disk_size	0
root:vm:myCloud-018_VM	mig_net_speed	125
root:vm:myCloud-018_VM	dp_intensity	60
root:vm:myCloud-018_VM:state	1.490566327E9	pending
root:vm:myCloud-018_VM:state	1.4905663270078073E9	booting
root:vm:myCloud-018_VM:state	1.4905663270078073E9	running
root:cloud:myCloud:compute:instances:myCloud-019	image	myImage
root:cloud:myCloud:compute:instances:myCloud-019	instance_type	anon
root:cloud:myCloud:compute:instances:myCloud-019:command	1.497952521E9	runinstance
root:cloud:myCloud:compute:instances:myCloud-019:schedule	1.497952521E9	node-1.me
root:cloud:myCloud:compute:compute_host:node-1.me:used_cores	1.497952521E9	4.742400000000032
root:vm:myCloud-019_VM	n_cores	0.28712
root:vm:myCloud-019_VM	ram_size	0
root:vm:myCloud-019_VM	net_cap	125
root:vm:myCloud-019_VM	disk_path	/default
root:vm:myCloud-019_VM	disk_size	0
root:vm:myCloud-019_VM	mig_net_speed	125
root:vm:myCloud-019_VM	dp_intensity	60
root:vm:myCloud-019_VM:state	1.497952521E9	pending
root:vm:myCloud-019_VM:state	1.4979525210078073E9	booting
root:vm:myCloud-019_VM:state	1.4979525210078073E9	running
root:cloud:myCloud:compute:instances:myCloud-020	image	myImage
root:cloud:myCloud:compute:instances:myCloud-020	instance_type	anon
root:cloud:myCloud:compute:instances:myCloud-020:command	1.507582346E9	runinstance
root:cloud:myCloud:compute:instances:myCloud-020:schedule	1.507582346E9	node-1.me
root:cloud:myCloud:compute:compute_host:node-1.me:used_cores	1.507582346E9	5.0295200000000335
root:vm:myCloud-020_VM	n_cores	0.28712
root:vm:myCloud-020_VM	ram_size	0
root:vm:myCloud-020_VM	net_cap	125
root:vm:myCloud-020_VM	disk_path	/default
root:vm:myCloud-020_VM	disk_size	0
root:vm:myCloud-020_VM	mig_net_speed	125
root:vm:myCloud-020_VM	dp_intensity	60
root:vm:myCloud-020_VM:state	1.507582346E9	pending
root:vm:myCloud-020_VM:state	1.5075823460078073E9	booting
root:vm:myCloud-020_VM:state	1.5075823460078073E9	running
root:cloud:myCloud:compute:instances:myCloud-002:command	1.530568009E9	terminate
root:cloud:myCloud:compute:compute_host:node-1.me:used_cores	1.5305680090078073E9	4.0295200000000335
root:vm:myCloud-002_VM:state	1.5305680090078073E9	shutingdown
root:vm:myCloud-002_VM:state	1.5305680090078073E9	shutdown
root:cloud:myCloud:compute:instances:myCloud-004:command	1.531480768E9	terminate
root:cloud:myCloud:compute:compute_host:node-1.me:used_cores	1.5314807680078073E9	3.0295200000000335
root:vm:myCloud-004_VM:state	1.5314807680078073E9	shutingdown
root:vm:myCloud-004_VM:state	1.5314807680078073E9	shutdown
root:cloud:myCloud:compute:instances:myCloud-005:command	1.551290158E9	terminate
root:cloud:myCloud:compute:compute_host:node-1.me:used_cores	1.5512901580078073E9	2.0295200000000335
root:vm:myCloud-005_VM:state	1.5512901580078073E9	shutingdown
root:vm:myCloud-005_VM:state	1.5512901580078073E9	shutdown
root:cloud:myCloud:compute:instances:myCloud-013:command	4.041812248E9	terminate
root:cloud:myCloud:compute:compute_host:node-1.me:used_cores	4.041812248007807E9	1.0295200000000335
root:vm:myCloud-013_VM:state	4.041812248007807E9	shutingdown
root:vm:myCloud-013_VM:state	4.041812248007807E9	shutdown
root:cloud:myCloud:compute:instances:myCloud-001:command	4.041812391E9	terminate
root:cloud:myCloud:compute:compute_host:node-1.me:used_cores	4.041812391007807E9	0.02952000000003352
root:vm:myCloud-001_VM:state	4.041812391007807E9	shutingdown
root:vm:myCloud-001_VM:state	4.041812391007807E9	shutdown
root:cloud:myCloud:compute:instances:myCloud-000:command	4.044045209E9	terminate
root:cloud:myCloud:compute:compute_host:node-1.me:used_cores	4.044045209007807E9	-0.9704799999999665
root:vm:myCloud-000_VM:state	4.044045209007807E9	shutingdown
root:vm:myCloud-000_VM:state	4.044045209007807E9	shutdown
root:cloud:myCloud:compute:instances:myCloud-003:command	4.044045219E9	terminate
root:cloud:myCloud:compute:compute_host:node-1.me:used_cores	4.044045219007807E9	-1.9704799999999665
root:vm:myCloud-003_VM:state	4.044045219007807E9	shutingdown
root:vm:myCloud-003_VM:state	4.044045219007807E9	shutdown
root:cloud:myCloud:compute:instances:myCloud-006:command	4.044045229E9	terminate
root:cloud:myCloud:compute:compute_host:node-1.me:used_cores	4.044045229007807E9	-2.9704799999999665
root:vm:myCloud-006_VM:state	4.044045229007807E9	shutingdown
root:vm:myCloud-006_VM:state	4.044045229007807E9	shutdown
root:cloud:myCloud:compute:instances:myCloud-007:command	4.044045239E9	terminate
root:cloud:myCloud:compute:compute_host:node-1.me:used_cores	4.044045239007807E9	-3.9704799999999665
root:vm:myCloud-007_VM:state	4.044045239007807E9	shutingdown
root:vm:myCloud-007_VM:state	4.044045239007807E9	shutdown
root:cloud:myCloud:compute:instances:myCloud-008:command	4.044045249E9	terminate
root:cloud:myCloud:compute:compute_host:node-1.me:used_cores	4.044045249007807E9	-4.9704799999999665
root:vm:myCloud-008_VM:state	4.044045249007807E9	shutingdown
root:vm:myCloud-008_VM:state	4.044045249007807E9	shutdown
root:cloud:myCloud:compute:instances:myCloud-009:command	4.044045259E9	terminate
root:cloud:myCloud:compute:compute_host:node-1.me:used_cores	4.044045259007807E9	-5.9704799999999665
root:vm:myCloud-009_VM:state	4.044045259007807E9	shutingdown
root:vm:myCloud-009_VM:state	4.044045259007807E9	shutdown
root:cloud:myCloud:compute:instances:myCloud-010:command	4.044045269E9	terminate
root:cloud:myCloud:compute:compute_host:node-1.me:used_cores	4.044045269007807E9	-6.9704799999999665
root:vm:myCloud-010_VM:state	4.044045269007807E9	shutingdown
root:vm:myCloud-010_VM:state	4.044045269007807E9	shutdown
root:cloud:myCloud:compute:instances:myCloud-017:command	4.044045279E9	terminate
root:cloud:myCloud:compute:compute_host:node-1.me:used_cores	4.044045279007807E9	-7.9704799999999665
root:vm:myCloud-017_VM:state	4.044045279007807E9	shutingdown
root:vm:myCloud-017_VM:state	4.044045279007807E9	shutdown
root:cloud:myCloud:compute:instances:myCloud-019:command	4.044045289E9	terminate
root:cloud:myCloud:compute:compute_host:node-1.me:used_cores	4.044045289007807E9	-8.970479999999966
root:vm:myCloud-019_VM:state	4.044045289007807E9	shutingdown
root:vm:myCloud-019_VM:state	4.044045289007807E9	shutdown
root:cloud:myCloud:compute:instances:myCloud-020:command	4.044045299E9	terminate
root:cloud:myCloud:compute:compute_host:node-1.me:used_cores	4.044045299007807E9	-9.970479999999966
root:vm:myCloud-020_VM:state	4.044045299007807E9	shutingdown
root:vm:myCloud-020_VM:state	4.044045299007807E9	shutdown
root:cloud:myCloud:compute:instances:myCloud-011:command	4.044045309E9	terminate
root:cloud:myCloud:compute:compute_host:node-1.me:used_cores	4.044045309007807E9	-10.970479999999966
root:vm:myCloud-011_VM:state	4.044045309007807E9	shutingdown
root:vm:myCloud-011_VM:state	4.044045309007807E9	shutdown
root:cloud:myCloud:compute:instances:myCloud-018:command	4.044045319E9	terminate
root:cloud:myCloud:compute:compute_host:node-1.me:used_cores	4.044045319007807E9	-11.970479999999966
root:vm:myCloud-018_VM:state	4.044045319007807E9	shutingdown
root:vm:myCloud-018_VM:state	4.044045319007807E9	shutdown
root:cloud:myCloud:compute:instances:myCloud-014:command	4.044045329E9	terminate
root:cloud:myCloud:compute:compute_host:node-1.me:used_cores	4.044045329007807E9	-12.970479999999966
root:vm:myCloud-014_VM:state	4.044045329007807E9	shutingdown
root:vm:myCloud-014_VM:state	4.044045329007807E9	shutdown
root:cloud:myCloud:compute:instances:myCloud-015:command	4.044045339E9	terminate
root:cloud:myCloud:compute:compute_host:node-1.me:used_cores	4.044045339007807E9	-13.970479999999966
root:vm:myCloud-015_VM:state	4.044045339007807E9	shutingdown
root:vm:myCloud-015_VM:state	4.044045339007807E9	shutdown
root:cloud:myCloud:compute:instances:myCloud-016:command	4.044045349E9	terminate
root:injector:myGoogleClusterInjector:instances_count	4.044045349E9	0
root:cloud:myCloud:compute:compute_host:node-1.me:used_cores	4.044045349007807E9	-14.970479999999966
root:vm:myCloud-016_VM:state	4.044045349007807E9	shutingdown
root:vm:myCloud-016_VM:state	4.044045349007807E9	shutdown
