root	date	Sun Jul 24 14:07:17 CEST 2016
root	description	Example of MasterSlavec on cloud
root:cloud:myCloud:compute:compute_host:node-1.me	cores	24.0
root:cloud:myCloud:compute:compute_host:node-1.me	ram_size	98304
root:cloud:myCloud:compute:compute_host:node-1.me	diskSize	98304
root:cloud:myCloud:compute:compute_host:node-1.me:used_cores	0.0	0.0
root:cloud:myCloud:compute:compute_host:node-2.me	cores	24.0
root:cloud:myCloud:compute:compute_host:node-2.me	ram_size	98304
root:cloud:myCloud:compute:compute_host:node-2.me	diskSize	98304
root:cloud:myCloud:compute:compute_host:node-2.me:used_cores	0.0	0.0
root:cloud:myCloud:compute:compute_host:node-3.me	cores	24.0
root:cloud:myCloud:compute:compute_host:node-3.me	ram_size	98304
root:cloud:myCloud:compute:compute_host:node-3.me	diskSize	98304
root:cloud:myCloud:compute:compute_host:node-3.me:used_cores	0.0	0.0
root:cloud:myCloud:compute:compute_host:node-4.me	cores	24.0
root:cloud:myCloud:compute:compute_host:node-4.me	ram_size	98304
root:cloud:myCloud:compute:compute_host:node-4.me	diskSize	98304
root:cloud:myCloud:compute:compute_host:node-4.me:used_cores	0.0	0.0
root:cloud:myCloud:compute:scheduler	name	org.simgrid.schiaas.engine.compute.scheduler.simplescheduler.SimpleScheduler
root:cloud:myCloud:compute:scheduler	delay	100
root:cloud:myCloud:compute:scheduler	controller	controller
root:cloud:myCloud:compute:scheduler	type	balancer
root:cloud:myCloud:compute	image_caching	PRE
root:cloud:myCloud:compute	inter_boot_delay	10
root:cloud:myCloud:compute	engine	org.simgrid.schiaas.engine.compute.rice.Rice
root:cloud:myCloud:compute	image_storage	myStorage
root:cloud:myCloud:compute	controller	controller
root:cloud:myCloud:compute:instances:myCloud-000	image	myImage
root:cloud:myCloud:compute:instances:myCloud-000	instance_type	small
root:cloud:myCloud:compute:instances:myCloud-000:command	0.0	runinstance
root:cloud:myCloud:compute:instances:myCloud-000:schedule	0.0	node-1.me
root:cloud:myCloud:compute:compute_host:node-1.me:used_cores	0.0	1.0
root:vm:myCloud-000_VM	n_cores	1.0
root:vm:myCloud-000_VM	ram_size	256
root:vm:myCloud-000_VM	net_cap	125
root:vm:myCloud-000_VM	disk_path	/default
root:vm:myCloud-000_VM	disk_size	1000
root:vm:myCloud-000_VM	mig_net_speed	125
root:vm:myCloud-000_VM	dp_intensity	60
root:vm:myCloud-000_VM:state	0.0	pending
root:cloud:myCloud:compute:instances:myCloud-001	image	myImage
root:cloud:myCloud:compute:instances:myCloud-001	instance_type	small
root:cloud:myCloud:compute:instances:myCloud-001:command	0.0	runinstance
root:cloud:myCloud:compute:instances:myCloud-001:schedule	0.0	node-2.me
root:cloud:myCloud:compute:compute_host:node-2.me:used_cores	0.0	1.0
root:vm:myCloud-001_VM	n_cores	1.0
root:vm:myCloud-001_VM	ram_size	256
root:vm:myCloud-001_VM	net_cap	125
root:vm:myCloud-001_VM	disk_path	/default
root:vm:myCloud-001_VM	disk_size	1000
root:vm:myCloud-001_VM	mig_net_speed	125
root:vm:myCloud-001_VM	dp_intensity	60
root:vm:myCloud-001_VM:state	0.0	pending
root:vm:myCloud-001_VM:state	0.0078081649484536084	booting
root:vm:myCloud-000_VM:state	0.0078081649484536084	booting
root:vm:myCloud-000_VM:state	0.0078081649484536084	running
root:vm:myCloud-001_VM:state	0.0078081649484536084	running
root:cloud:myCloud:compute:instances:myCloud-000:command	55182.207342702684	suspend
root:vm:myCloud-000_VM:state	55182.21514978516	suspending
root:vm:myCloud-000_VM:state	55182.21514978516	suspended
root:cloud:myCloud:compute:instances:myCloud-000:command	55383.207342702684	resume
root:vm:myCloud-000_VM:state	55383.21514978516	resuming
root:vm:myCloud-000_VM:state	55383.21514978516	running
root:cloud:myCloud:compute:instances:myCloud-001:schedule	55484.207342702684	node-1.me
root:cloud:myCloud:compute:compute_host:node-1.me:used_cores	55484.207342702684	2.0
root:vm:myCloud-001_VM:state	55484.207342702684	migrating
root:vm:myCloud-001_VM:state	55489.5020721444	running
root:cloud:myCloud:compute:compute_host:node-2.me:used_cores	55489.5020721444	0.0
root:cloud:myCloud:compute:compute_host:node-1.me:availability	55489.5020721444	false
root:cloud:myCloud:compute:instances:myCloud-000:schedule	55489.5020721444	node-2.me
root:cloud:myCloud:compute:compute_host:node-2.me:used_cores	55489.5020721444	1.0
root:vm:myCloud-000_VM:state	55489.5020721444	migrating
root:vm:myCloud-000_VM:state	55494.79680158612	running
root:cloud:myCloud:compute:compute_host:node-1.me:used_cores	55494.79680158612	1.0
root:cloud:myCloud:compute:instances:myCloud-001:schedule	55494.79680158612	node-3.me
root:cloud:myCloud:compute:compute_host:node-3.me:used_cores	55494.79680158612	1.0
root:vm:myCloud-001_VM:state	55494.79680158612	migrating
root:vm:myCloud-001_VM:state	55500.091531027836	running
root:cloud:myCloud:compute:compute_host:node-1.me:used_cores	55500.091531027836	0.0
root:cloud:myCloud:compute:compute_host:node-1.me:availability	55500.091531027836	true
root:cloud:myCloud:compute:compute_host:node-2.me:availability	55500.091531027836	false
root:cloud:myCloud:compute:instances:myCloud-000:schedule	55500.091531027836	node-1.me
root:cloud:myCloud:compute:compute_host:node-1.me:used_cores	55500.091531027836	1.0
root:vm:myCloud-000_VM:state	55500.091531027836	migrating
root:vm:myCloud-000_VM:state	55505.38626046955	running
root:cloud:myCloud:compute:compute_host:node-2.me:used_cores	55505.38626046955	0.0
root:cloud:myCloud:compute:instances:myCloud-000:command	96024.18144894848	terminate
root:cloud:myCloud:compute:instances:myCloud-001:command	96024.18144894848	terminate
root:cloud:myCloud:compute:compute_host:node-3.me:used_cores	96024.18925711342	0.0
root:cloud:myCloud:compute:compute_host:node-1.me:used_cores	96024.18925711342	0.0
root:vm:myCloud-001_VM:state	96024.18925711342	shutingdown
root:vm:myCloud-000_VM:state	96024.18925711342	shutingdown
root:vm:myCloud-000_VM:state	96024.18925711342	shutdown
root:vm:myCloud-001_VM:state	96024.18925711342	shutdown
