#This file was generated using SimGrid-3.13.0
#[ÀKT platform.xml platform.xml platform.xml --log=root.thres:info --cfg=tracing:1 --cfg=tracing/categorized:yes --cfg=tracing/uncategorized:yes ]
%EventDef PajeDefineContainerType 0
%       Alias string
%       Type string
%       Name string
%EndEventDef
%EventDef PajeDefineVariableType 1
%       Alias string
%       Type string
%       Name string
%       Color color
%EndEventDef
%EventDef PajeDefineStateType 2
%       Alias string
%       Type string
%       Name string
%EndEventDef
%EventDef PajeDefineEventType 3
%       Alias string
%       Type string
%       Name string
%EndEventDef
%EventDef PajeDefineLinkType 4
%       Alias string
%       Type string
%       StartContainerType string
%       EndContainerType string
%       Name string
%EndEventDef
%EventDef PajeDefineEntityValue 5
%       Alias string
%       Type string
%       Name string
%       Color color
%EndEventDef
%EventDef PajeCreateContainer 6
%       Time date
%       Alias string
%       Type string
%       Container string
%       Name string
%EndEventDef
%EventDef PajeDestroyContainer 7
%       Time date
%       Type string
%       Name string
%EndEventDef
%EventDef PajeSetVariable 8
%       Time date
%       Type string
%       Container string
%       Value double
%EndEventDef
%EventDef PajeAddVariable 9
%       Time date
%       Type string
%       Container string
%       Value double
%EndEventDef
%EventDef PajeSubVariable 10
%       Time date
%       Type string
%       Container string
%       Value double
%EndEventDef
%EventDef PajeSetState 11
%       Time date
%       Type string
%       Container string
%       Value string
%EndEventDef
%EventDef PajePushState 12
%       Time date
%       Type string
%       Container string
%       Value string
%EndEventDef
%EventDef PajePopState 13
%       Time date
%       Type string
%       Container string
%EndEventDef
%EventDef PajeResetState 14
%       Time date
%       Type string
%       Container string
%EndEventDef
%EventDef PajeStartLink 15
%       Time date
%       Type string
%       Container string
%       Value string
%       StartContainer string
%       Key string
%EndEventDef
%EventDef PajeEndLink 16
%       Time date
%       Type string
%       Container string
%       Value string
%       EndContainer string
%       Key string
%EndEventDef
%EventDef PajeNewEvent 17
%       Time date
%       Type string
%       Container string
%       Value string
%EndEventDef
0 1 0 L1
6 0 1 1 0 "my_cluster"
0 2 1 HOST
6 0 2 2 1 "node-1.me"
1 3 2 power "1 1 1"
1 4 2 power_used "0.5 0.5 0.5"
0 5 1 LINK
6 0 3 5 1 "my_cluster_link_1_UP"
1 6 5 bandwidth "1 1 1"
1 7 5 latency "1 1 1"
1 8 5 bandwidth_used "0.5 0.5 0.5"
6 0 4 5 1 "my_cluster_link_1_DOWN"
6 0 5 2 1 "node-2.me"
6 0 6 5 1 "my_cluster_link_2_UP"
6 0 7 5 1 "my_cluster_link_2_DOWN"
6 0 8 2 1 "node-3.me"
6 0 9 5 1 "my_cluster_link_3_UP"
6 0 10 5 1 "my_cluster_link_3_DOWN"
6 0 11 2 1 "node-4.me"
6 0 12 5 1 "my_cluster_link_4_UP"
6 0 13 5 1 "my_cluster_link_4_DOWN"
0 9 1 ROUTER
6 0 14 9 1 "node-my_cluster_router.me"
6 0 15 5 1 "my_cluster_backbone"
6 0 16 1 0 "AS_Controller"
6 0 17 2 16 "controller"
0 10 0 LINK
6 0 18 10 0 "controller2cluster"
1 11 10 bandwidth "1 1 1"
1 12 10 latency "1 1 1"
1 13 10 bandwidth_used "0.5 0.5 0.5"
4 14 1 5 5 L1-LINK5-LINK5
4 15 1 2 5 L1-HOST2-LINK5
4 16 1 9 5 L1-ROUTER9-LINK5
4 17 0 10 2 0-LINK10-HOST2
4 18 0 9 10 0-ROUTER9-LINK10
8 0 3 2 1000000000.000000
8 0 6 3 1000000000.000000
8 0 7 3 0.000050
8 0 6 4 1000000000.000000
8 0 7 4 0.000050
8 0 3 5 1000000000.000000
8 0 6 6 1000000000.000000
8 0 7 6 0.000050
8 0 6 7 1000000000.000000
8 0 7 7 0.000050
8 0 3 8 1000000000.000000
8 0 6 9 1000000000.000000
8 0 7 9 0.000050
8 0 6 10 1000000000.000000
8 0 7 10 0.000050
8 0 3 11 1000000000.000000
8 0 6 12 1000000000.000000
8 0 7 12 0.000050
8 0 6 13 1000000000.000000
8 0 7 13 0.000050
8 0 6 15 10000000000.000000
8 0 7 15 0.000500
8 0 3 17 1000000000.000000
8 0 11 18 1000000000.000000
8 0 12 18 0.000050
15 0 14 1 topology 9 0
16 0 14 1 topology 15 0
15 0 15 1 topology 11 1
16opology 4 4
15 0 11 1 topology 6 5
16 0 11 1 topology 15 5
15 0 12 1 topology 2 6
16 0 12 1 topology 3 6
15 0 11 1 topology 7 7
16 0 11 1 topology 15 7
15 0 12 1 topology 5 8
16 0 12 1 topology 7 8
15 0 11 1 topology 3 9
16 0 11 1 topology 15 9
15 0 12 1 topology 11 10
16 0 12 1 topology 12 10
15 0 11 1 topology 10 11
16 0 11 1 topology 15 11
15 0 12 1 topology 8 12
16 0 12 1 topology 10 12
15 0 11 1 topology 12 13
16 0 11 1 topology 15 13
15 0 12 1 topology 8 14
16 0 12 1 topology 9 14
15 0 13 1 topology 14 15
16 0 13 1 topology 15 15
15 0 11 1 topology 13 16
16 0 11 1 topology 15 16
15 0 14 0 topology 18 17
16 0 14 0 topology 17 17
15 0 15 0 topology 14 18
16 0 15 0 topology 18 18
7 0 2 17
7 0 1 16
7 0 4 15
7 0 4 7
7 0 2 11
7 0 4 9
7 0 7 14
7 0 4 10
7 0 2 8
7 0 4 6
7 0 4 13
7 0 2 5
7 0 4 3
7 0 4 4
7 0 2 2
7 0 4 12
7 0 1 1
7 0 8 18
007806 13 18 0.000000
9 0.007806 13 18 461904761.904762
8 0.007806 8 15 0.000000
9 0.007806 8 15 461904761.904762
8 0.007806 8 7 0.000000
9 0.007806 8 7 461904761.904762
8 0.007806 8 6 0.000000
9 0.007806 8 6 23095238.095238
9 0.007806 8 15 23095238.095238
9 0.007806 13 18 23095238.095238
9 0.007806 13 18 461904761.904762
9 0.007806 8 15 461904761.904762
8 0.007806 8 4 0.000000
9 0.007806 8 4 461904761.904762
8 0.007806 8 3 0.000000
9 0.007806 8 3 23095238.095238
9 0.007806 8 15 23095238.095238
9 0.007806 13 18 23095238.095238
10 0.007808 13 18 461904761.904762
10 0.007808 8 15 461904761.904762
10 0.007808 8 7 461904761.904762
10 0.007808 8 6 23095238.095238
10 0.007808 8 15 23095238.095238
10 0.007808 13 18 23095238.095238
10 0.007808 13 18 461904761.904762
10 0.007808 8 15 461904761.904762
10 0.007808 8 4 461904761.904762
10 0.007808 8 3 23095238.095238
10 0.007808 8 15 23095238.095238
10 0.007808 13 18 23095238.095238
8 10.000000 4 2 0.000000
9 10.000000 4 2 1000000000.000000
10 10.000000 4 2 1000000000.000000
8 10.000000 4 5 0.000000
9 10.000000 4 5 1000000000.000000
10 10.000000 4 5 1000000000.000000
9 10.007806 13 18 923809523.809524
9 10.007806 8 15 923809523.809524
9 10.007806 8 4 923809523.809524
9 10.007806 8 3 46190476.190476
9 10.007806 8 15 46190476.190476
9 10.007806 13 18 46190476.190476
10 11.090280 13 18 923809523.809524
10 11.090280 8 15 923809523.809524
10 11.090280 8 4 923809523.809524
10 11.090280 8 3 46190476.190476
10 11.090280 8 15 46190476.190476
10 11.090280 13 18 46190476.190476
9 11.098086 13 18 923809523.809524
9 11.098086 8 15 923809523.809524
9 11.098086 8 7 923809523.809524
9 11.098086 8 6 46190476.190476
9 11.098086 8 15 46190476.190476
9 11.098086 13 18 46190476.190476
10 12.180560 13 18 923809523.809524
10 12.180560 8 15 923809523.809524
10 12.180560 8 7 923809523.809524
10 12.180560 8 6 46190476.190476
10 12.180560 8 15 46190476.190476
10 12.180560 13 18 46190476.190476
9 5011.098086 13 18 923809523.809524
9 5011.098086 8 15 923809523.809524
9 5011.098086 8 4 923809523.809524
9 5011.098086 8 3 46190476.190476
9 5011.098086 8 15 46190476.190476
9 5011.098086 13 18 46190476.190476
10 5012.180560 13 18 923809523.809524
10 5012.180560 8 15 923809523.809524
10 5012.180560 8 4 923809523.809524
10 5012.180560 8 3 46190476.190476
10 5012.180560 8 15 46190476.190476
10 5012.180560 13 18 46190476.190476
9 5012.188366 13 18 923809523.809524
9 5012.188366 8 15 923809523.809524
9 5012.188366 8 7 923809523.809524
9 5012.188366 8 6 46190476.190476
9 5012.188366 8 15 46190476.190476
9 5012.188366 13 18 46190476.190476
10 5013.270841 13 18 923809523.809524
10 5013.270841 8 15 923809523.809524
10 5013.270841 8 7 923809523.809524
10 5013.270841 8 6 46190476.190476
10 5013.270841 8 15 46190476.190476
10 5013.270841 13 18 46190476.190476
9 10012.188366 13 18 923809523.809524
9 10012.188366 8 15 923809523.809524
9 10012.188366 8 4 923809523.809524
9 10012.188366 8 3 46190476.190476
9 10012.188366 8 15 46190476.190476
9 10012.188366 13 18 46190476.190476
10 10013.270841 13 18 923809523.809524
10 10013.270841 8 15 923809523.809524
10 10013.270841 8 4 923809523.809524
10 10013.270841 8 3 46190476.190476
10 10013.270841 8 15 46190476.190476
10 10013.270841 13 18 46190476.190476
9 10013.278647 13 18 923809523.809524
9 10013.278647 8 15 923809523.809524
9 10013.278647 8 7 923809523.809524
9 10013.278647 8 6 46190476.190476
9 10013.278647 8 15 46190476.190476
9 10013.278647 13 18 46190476.190476
10 10014.361121 13 18 923809523.809524
10 10014.361121 8 15 923809523.809524
10 10014.361121 8 7 923809523.809524
10 10014.361121 8 6 46190476.190476
10 10014.361121 8 15 46190476.190476
10 10014.361121 13 18 46190476.190476
9 15013.278647 13 18 923809523.809524
9 15013.278647 8 15 923809523.809524
9 15013.278647 8 4 923809523.809524
9 15013.278647 8 3 46190476.190476
9 15013.278647 8 15 46190476.190476
9 15013.278647 13 18 46190476.190476
10 15014.361121 13 18 923809523.809524
10 15014.361121 8 15 923809523.809524
10 15014.361121 8 4 923809523.809524
10 15014.361121 8 3 46190476.190476
10 15014.361121 8 15 46190476.190476
10 15014.361121 13 18 46190476.190476
9 15014.368927 13 18 923809523.809524
9 15014.368927 8 15 923809523.809524
9 15014.368927 8 7 923809523.809524
9 15014.368927 8 6 46190476.190476
9 15014.368927 8 15 46190476.190476
9 15014.368927 13 18 46190476.190476
10 15015.451401 13 18 923809523.809524
10 15015.451401 8 15 923809523.809524
10 15015.451401 8 7 923809523.809524
10 15015.451401 8 6 46190476.190476
10 15015.451401 8 15 46190476.190476
10 15015.451401 13 18 46190476.190476
9 20014.368927 13 18 923809523.809524
9 20014.368927 8 15 923809523.809524
9 20014.368927 8 4 923809523.809524
9 20014.368927 8 3 46190476.190476
9 20014.368927 8 15 46190476.190476
9 20014.368927 13 18 46190476.190476
10 20015.451401 13 18 923809523.809524
10 20015.451401 8 15 923809523.809524
10 20015.451401 8 4 923809523.809524
10 20015.451401 8 3 46190476.190476
10 20015.451401 8 15 46190476.190476
10 20015.451401 13 18 46190476.190476
9 20015.459207 13 18 923809523.809524
9 20015.459207 8 15 923809523.809524
9 20015.459207 8 7 923809523.809524
9 20015.459207 8 6 46190476.190476
9 20015.459207 8 15 46190476.190476
9 20015.459207 13 18 46190476.190476
10 20016.541681 13 18 923809523.809524
10 20016.541681 8 15 923809523.809524
10 20016.541681 8 7 923809523.809524
10 20016.541681 8 6 46190476.190476
10 20016.541681 8 15 46190476.190476
10 20016.541681 13 18 46190476.190476
9 25015.459207 13 18 923809523.809524
9 25015.459207 8 15 923809523.809524
9 25015.459207 8 4 923809523.809524
9 25015.459207 8 3 46190476.190476
9 25015.459207 8 15 46190476.190476
9 25015.459207 13 18 46190476.190476
10 25016.541681 13 18 923809523.809524
10 25016.541681 8 15 923809523.809524
10 25016.541681 8 4 923809523.809524
10 25016.541681 8 3 46190476.190476
10 25016.541681 8 15 46190476.190476
10 25016.541681 13 18 46190476.190476
9 25016.549487 13 18 923809523.809524
9 25016.549487 8 15 923809523.809524
9 25016.549487 8 7 923809523.809524
9 25016.549487 8 6 46190476.190476
9 25016.549487 8 15 46190476.190476
9 25016.549487 13 18 46190476.190476
10 25017.631962 13 18 923809523.809524
10 25017.631962 8 15 923809523.809524
10 25017.631962 8 7 923809523.809524
10 25017.631962 8 6 46190476.190476
10 25017.631962 8 15 46190476.190476
10 25017.631962 13 18 46190476.190476
9 30016.549487 13 18 923809523.809524
9 30016.549487 8 15 923809523.809524
9 30016.549487 8 4 923809523.809524
9 30016.549487 8 3 46190476.190476
9 30016.549487 8 15 46190476.190476
9 30016.549487 13 18 46190476.190476
10 30017.631962 13 18 923809523.809524
10 30017.631962 8 15 923809523.809524
10 30017.631962 8 4 923809523.809524
10 30017.631962 8 3 46190476.190476
10 30017.631962 8 15 46190476.190476
10 30017.631962 13 18 46190476.190476
9 30017.639768 13 18 923809523.809524
9 30017.639768 8 15 923809523.809524
9 30017.639768 8 7 923809523.809524
9 30017.639768 8 6 46190476.190476
9 30017.639768 8 15 46190476.190476
9 30017.639768 13 18 46190476.190476
10 30018.722242 13 18 923809523.809524
10 30018.722242 8 15 923809523.809524
10 30018.722242 8 7 923809523.809524
10 30018.722242 8 6 46190476.190476
10 30018.722242 8 15 46190476.190476
10 30018.722242 13 18 46190476.190476
9 35017.639768 13 18 923809523.809524
9 35017.639768 8 15 923809523.809524
9 35017.639768 8 4 923809523.809524
9 35017.639768 8 3 46190476.190476
9 35017.639768 8 15 46190476.190476
9 35017.639768 13 18 46190476.190476
10 35018.722242 13 18 923809523.809524
10 35018.722242 8 15 923809523.809524
10 35018.722242 8 4 923809523.809524
10 35018.722242 8 3 46190476.190476
10 35018.722242 8 15 46190476.190476
10 35018.722242 13 18 46190476.190476
9 35018.730048 13 18 923809523.809524
9 35018.730048 8 15 923809523.809524
9 35018.730048 8 7 923809523.809524
9 35018.730048 8 6 46190476.190476
9 35018.730048 8 15 46190476.190476
9 35018.730048 13 18 46190476.190476
10 35019.812522 13 18 923809523.809524
10 35019.812522 8 15 923809523.809524
10 35019.812522 8 7 923809523.809524
10 35019.812522 8 6 46190476.190476
10 35019.812522 8 15 46190476.190476
10 35019.812522 13 18 46190476.190476
9 40018.730048 13 18 923809523.809524
9 40018.730048 8 15 923809523.809524
9 40018.730048 8 4 923809523.809524
9 40018.730048 8 3 46190476.190476
9 40018.730048 8 15 46190476.190476
9 40018.730048 13 18 46190476.190476
10 40019.812522 13 18 923809523.809524
10 40019.812522 8 15 923809523.809524
10 40019.812522 8 4 923809523.809524
10 40019.812522 8 3 46190476.190476
10 40019.812522 8 15 46190476.190476
10 40019.812522 13 18 46190476.190476
9 40019.820328 13 18 923809523.809524
9 40019.820328 8 15 923809523.809524
9 40019.820328 8 7 923809523.809524
9 40019.820328 8 6 46190476.190476
9 40019.820328 8 15 46190476.190476
9 40019.820328 13 18 46190476.190476
10 40020.902802 13 18 923809523.809524
10 40020.902802 8 15 923809523.809524
10 40020.902802 8 7 923809523.809524
10 40020.902802 8 6 46190476.190476
10 40020.902802 8 15 46190476.190476
10 40020.902802 13 18 46190476.190476
9 45019.820328 13 18 923809523.809524
9 45019.820328 8 15 923809523.809524
9 45019.820328 8 4 923809523.809524
9 45019.820328 8 3 46190476.190476
9 45019.820328 8 15 46190476.190476
9 45019.820328 13 18 46190476.190476
10 45020.902802 13 18 923809523.809524
10 45020.902802 8 15 923809523.809524
10 45020.902802 8 4 923809523.809524
10 45020.902802 8 3 46190476.190476
10 45020.902802 8 15 46190476.190476
10 45020.902802 13 18 46190476.190476
9 45020.910608 13 18 923809523.809524
9 45020.910608 8 15 923809523.809524
9 45020.910608 8 7 923809523.809524
9 45020.910608 8 6 46190476.190476
9 45020.910608 8 15 46190476.190476
9 45020.910608 13 18 46190476.190476
10 45021.993082 13 18 923809523.809524
10 45021.993082 8 15 923809523.809524
10 45021.993082 8 7 923809523.809524
10 45021.993082 8 6 46190476.190476
10 45021.993082 8 15 46190476.190476
10 45021.993082 13 18 46190476.190476
9 50020.910608 13 18 923809523.809524
9 50020.910608 8 15 923809523.809524
9 50020.910608 8 4 923809523.809524
9 50020.910608 8 3 46190476.190476
9 50020.910608 8 15 46190476.190476
9 50020.910608 13 18 46190476.190476
10 50021.993082 13 18 923809523.809524
10 50021.993082 8 15 923809523.809524
10 50021.993082 8 4 923809523.809524
10 50021.993082 8 3 46190476.190476
10 50021.993082 8 15 46190476.190476
10 50021.993082 13 18 46190476.190476
9 50022.000888 13 18 923809523.809524
9 50022.000888 8 15 923809523.809524
9 50022.000888 8 7 923809523.809524
9 50022.000888 8 6 46190476.190476
9 50022.000888 8 15 46190476.190476
9 50022.000888 13 18 46190476.190476
10 50023.083363 13 18 923809523.809524
10 50023.083363 8 15 923809523.809524
10 50023.083363 8 7 923809523.809524
10 50023.083363 8 6 46190476.190476
10 50023.083363 8 15 46190476.190476
10 50023.083363 13 18 46190476.190476
9 55022.000888 13 18 923809523.809524
9 55022.000888 8 15 923809523.809524
9 55022.000888 8 4 923809523.809524
9 55022.000888 8 3 46190476.190476
9 55022.000888 8 15 46190476.190476
9 55022.000888 13 18 46190476.190476
10 55023.083363 13 18 923809523.809524
10 55023.083363 8 15 923809523.809524
10 55023.083363 8 4 923809523.809524
10 55023.083363 8 3 46190476.190476
10 55023.083363 8 15 46190476.190476
10 55023.083363 13 18 46190476.190476
9 55023.091169 13 18 923809523.809524
9 55023.091169 8 15 923809523.809524
9 55023.091169 8 7 923809523.809524
9 55023.091169 8 6 46190476.190476
9 55023.091169 8 15 46190476.190476
9 55023.091169 13 18 46190476.190476
10 55024.173643 13 18 923809523.809524
10 55024.173643 8 15 923809523.809524
10 55024.173643 8 7 923809523.809524
10 55024.173643 8 6 46190476.190476
10 55024.173643 8 15 46190476.190476
10 55024.173643 13 18 46190476.190476
9 55182.215149 13 18 923809523.809524
9 55182.215149 8 15 923809523.809524
9 55182.215149 8 4 923809523.809524
9 55182.215149 8 3 46190476.190476
9 55182.215149 8 15 46190476.190476
9 55182.215149 13 18 46190476.190476
10 55182.215150 13 18 923809523.809524
10 55182.215150 8 15 923809523.809524
10 55182.215150 8 4 923809523.809524
10 55182.215150 8 3 46190476.190476
10 55182.215150 8 15 46190476.190476
10 55182.215150 13 18 46190476.190476
9 55383.215149 13 18 923809523.809524
9 55383.215149 8 15 923809523.809524
9 55383.215149 8 4 923809523.809524
9 55383.215149 8 3 46190476.190476
9 55383.215149 8 15 46190476.190476
9 55383.215149 13 18 46190476.190476
10 55383.215150 13 18 923809523.809524
10 55383.215150 8 15 923809523.809524
10 55383.215150 8 4 923809523.809524
10 55383.215150 8 3 46190476.190476
10 55383.215150 8 15 46190476.190476
10 55383.215150 13 18 46190476.190476
9 55484.215149 8 6 131072000.000000
9 55484.215149 8 15 131072000.000000
9 55484.215149 8 4 131072000.000000
9 55484.215149 8 3 6553600.000000
9 55484.215149 8 15 6553600.000000
9 55484.215149 8 7 6553600.000000
10 55486.263149 8 6 131072000.000000
10 55486.263149 8 15 131072000.000000
10 55486.263149 8 4 131072000.000000
10 55486.263149 8 3 6553600.000000
10 55486.263149 8 15 6553600.000000
10 55486.263149 8 7 6553600.000000
9 55486.270955 8 6 131072000.000000
9 55486.270955 8 15 131072000.000000
9 55486.270955 8 4 131072000.000000
9 55486.270955 8 3 6553600.000000
9 55486.270955 8 15 6553600.000000
9 55486.270955 8 7 6553600.000000
10 55487.504438 8 6 131072000.000000
10 55487.504438 8 15 131072000.000000
10 55487.504438 8 4 131072000.000000
10 55487.504438 8 3 6553600.000000
10 55487.504438 8 15 6553600.000000
10 55487.504438 8 7 6553600.000000
9 55487.512244 8 6 131072000.000000
9 55487.512244 8 15 131072000.000000
9 55487.512244 8 4 131072000.000000
9 55487.512244 8 3 6553600.000000
9 55487.512244 8 15 6553600.000000
9 55487.512244 8 7 6553600.000000
10 55488.257018 8 6 131072000.000000
10 55488.257018 8 15 131072000.000000
10 55488.257018 8 4 131072000.000000
10 55488.257018 8 3 6553600.000000
10 55488.257018 8 15 6553600.000000
10 55488.257018 8 7 6553600.000000
9 55488.264824 8 6 131072000.000000
9 55488.264824 8 15 131072000.000000
9 55488.264824 8 4 131072000.000000
9 55488.264824 8 3 6553600.000000
9 55488.264824 8 15 6553600.000000
9 55488.264824 8 7 6553600.000000
10 55488.716372 8 6 131072000.000000
10 55488.716372 8 15 131072000.000000
10 55488.716372 8 4 131072000.000000
10 55488.716372 8 3 6553600.000000
10 55488.716372 8 15 6553600.000000
10 55488.716372 8 7 6553600.000000
9 55488.724178 8 6 131072000.000000
9 55488.724178 8 15 131072000.000000
9 55488.724178 8 4 131072000.000000
9 55488.724178 8 3 6553600.000000
9 55488.724178 8 15 6553600.000000
9 55488.724178 8 7 6553600.000000
10 55488.999790 8 6 131072000.000000
10 55488.999790 8 15 131072000.000000
10 55488.999790 8 4 131072000.000000
10 55488.999790 8 3 6553600.000000
10 55488.999790 8 15 6553600.000000
10 55488.999790 8 7 6553600.000000
9 55489.007596 8 6 131072000.000000
9 55489.007596 8 15 131072000.000000
9 55489.007596 8 4 131072000.000000
9 55489.007596 8 3 6553600.000000
9 55489.007596 8 15 6553600.000000
9 55489.007596 8 7 6553600.000000
10 55489.177647 8 6 131072000.000000
10 55489.177647 8 15 131072000.000000
10 55489.177647 8 4 131072000.000000
10 55489.177647 8 3 6553600.000000
10 55489.177647 8 15 6553600.000000
10 55489.177647 8 7 6553600.000000
9 55489.185453 8 6 131072000.000000
9 55489.185453 8 15 131072000.000000
9 55489.185453 8 4 131072000.000000
9 55489.185453 8 3 6553600.000000
9 55489.185453 8 15 6553600.000000
9 55489.185453 8 7 6553600.000000
10 55489.292167 8 6 131072000.000000
10 55489.292167 8 15 131072000.000000
10 55489.292167 8 4 131072000.000000
10 55489.292167 8 3 6553600.000000
10 55489.292167 8 15 6553600.000000
10 55489.292167 8 7 6553600.000000
9 55489.299973 8 6 131072000.000000
9 55489.299973 8 15 131072000.000000
9 55489.299973 8 4 131072000.000000
9 55489.299973 8 3 6553600.000000
9 55489.299973 8 15 6553600.000000
9 55489.299973 8 7 6553600.000000
10 55489.368685 8 6 131072000.000000
10 55489.368685 8 15 131072000.000000
10 55489.368685 8 4 131072000.000000
10 55489.368685 8 3 6553600.000000
10 55489.368685 8 15 6553600.000000
10 55489.368685 8 7 6553600.000000
9 55489.376491 8 6 131072000.000000
9 55489.376491 8 15 131072000.000000
9 55489.376491 8 4 131072000.000000
9 55489.376491 8 3 6553600.000000
9 55489.376491 8 15 6553600.000000
9 55489.376491 8 7 6553600.000000
10 55489.422402 8 6 131072000.000000
10 55489.422402 8 15 131072000.000000
10 55489.422402 8 4 131072000.000000
10 55489.422402 8 3 6553600.000000
10 55489.422402 8 15 6553600.000000
10 55489.422402 8 7 6553600.000000
9 55489.430208 8 6 131072000.000000
9 55489.430208 8 15 131072000.000000
9 55489.430208 8 4 131072000.000000
9 55489.430208 8 3 6553600.000000
9 55489.430208 8 15 6553600.000000
9 55489.430208 8 7 6553600.000000
10 55489.462438 8 6 131072000.000000
10 55489.462438 8 15 131072000.000000
10 55489.462438 8 4 131072000.000000
10 55489.462438 8 3 6553600.000000
10 55489.462438 8 15 6553600.000000
10 55489.462438 8 7 6553600.000000
9 55489.470244 8 6 131072000.000000
9 55489.470244 8 15 131072000.000000
9 55489.470244 8 4 131072000.000000
9 55489.470244 8 3 6553600.000000
9 55489.470244 8 15 6553600.000000
9 55489.470244 8 7 6553600.000000
10 55489.494266 8 6 131072000.000000
10 55489.494266 8 15 131072000.000000
10 55489.494266 8 4 131072000.000000
10 55489.494266 8 3 6553600.000000
10 55489.494266 8 15 6553600.000000
10 55489.494266 8 7 6553600.000000
9 55489.494266 4 2 1000000000.000000
10 55489.494266 4 2 1000000000.000000
9 55489.502072 8 3 923809523.809524
10 55489.502072 8 3 923809523.809524
9 55489.502072 8 15 923809523.809524
10 55489.502072 8 15 923809523.809524
9 55489.502072 13 18 923809523.809524
10 55489.502072 13 18 923809523.809524
9 55489.502072 13 18 46190476.190476
10 55489.502072 13 18 46190476.190476
9 55489.502072 8 15 46190476.190476
10 55489.502072 8 15 46190476.190476
9 55489.502072 8 4 46190476.190476
10 55489.502072 8 4 46190476.190476
9 55489.509878 8 3 131072000.000000
9 55489.509878 8 15 131072000.000000
9 55489.509878 8 7 131072000.000000
9 55489.509878 8 6 6553600.000000
9 55489.509878 8 15 6553600.000000
9 55489.509878 8 4 6553600.000000
10 55491.557878 8 3 131072000.000000
10 55491.557878 8 15 131072000.000000
10 55491.557878 8 7 131072000.000000
10 55491.557878 8 6 6553600.000000
10 55491.557878 8 15 6553600.000000
10 55491.557878 8 4 6553600.000000
9 55491.565684 8 3 131072000.000000
9 55491.565684 8 15 131072000.000000
9 55491.565684 8 7 131072000.000000
9 55491.565684 8 6 6553600.000000
9 55491.565684 8 15 6553600.000000
9 55491.565684 8 4 6553600.000000
10 55492.799168 8 3 131072000.000000
10 55492.799168 8 15 131072000.000000
10 55492.799168 8 7 131072000.000000
10 55492.799168 8 6 6553600.000000
10 55492.799168 8 15 6553600.000000
10 55492.799168 8 4 6553600.000000
9 55492.806974 8 3 131072000.000000
9 55492.806974 8 15 131072000.000000
9 55492.806974 8 7 131072000.000000
9 55492.806974 8 6 6553600.000000
9 55492.806974 8 15 6553600.000000
9 55492.806974 8 4 6553600.000000
10 55493.551747 8 3 131072000.000000
10 55493.551747 8 15 131072000.000000
10 55493.551747 8 7 131072000.000000
10 55493.551747 8 6 6553600.000000
10 55493.551747 8 15 6553600.000000
10 55493.551747 8 4 6553600.000000
9 55493.559553 8 3 131072000.000000
9 55493.559553 8 15 131072000.000000
9 55493.559553 8 7 131072000.000000
9 55493.559553 8 6 6553600.000000
9 55493.559553 8 15 6553600.000000
9 55493.559553 8 4 6553600.000000
10 55494.011101 8 3 131072000.000000
10 55494.011101 8 15 131072000.000000
10 55494.011101 8 7 131072000.000000
10 55494.011101 8 6 6553600.000000
10 55494.011101 8 15 6553600.000000
10 55494.011101 8 4 6553600.000000
9 55494.018907 8 3 131072000.000000
9 55494.018907 8 15 131072000.000000
9 55494.018907 8 7 131072000.000000
9 55494.018907 8 6 6553600.000000
9 55494.018907 8 15 6553600.000000
9 55494.018907 8 4 6553600.000000
10 55494.294520 8 3 131072000.000000
10 55494.294520 8 15 131072000.000000
10 55494.294520 8 7 131072000.000000
10 55494.294520 8 6 6553600.000000
10 55494.294520 8 15 6553600.000000
10 55494.294520 8 4 6553600.000000
9 55494.302326 8 3 131072000.000000
9 55494.302326 8 15 131072000.000000
9 55494.302326 8 7 131072000.000000
9 55494.302326 8 6 6553600.000000
9 55494.302326 8 15 6553600.000000
9 55494.302326 8 4 6553600.000000
10 55494.472377 8 3 131072000.000000
10 55494.472377 8 15 131072000.000000
10 55494.472377 8 7 131072000.000000
10 55494.472377 8 6 6553600.000000
10 55494.472377 8 15 6553600.000000
10 55494.472377 8 4 6553600.000000
9 55494.480183 8 3 131072000.000000
9 55494.480183 8 15 131072000.000000
9 55494.480183 8 7 131072000.000000
9 55494.480183 8 6 6553600.000000
9 55494.480183 8 15 6553600.000000
9 55494.480183 8 4 6553600.000000
10 55494.586897 8 3 131072000.000000
10 55494.586897 8 15 131072000.000000
10 55494.586897 8 7 131072000.000000
10 55494.586897 8 6 6553600.000000
10 55494.586897 8 15 6553600.000000
10 55494.586897 8 4 6553600.000000
9 55494.594703 8 3 131072000.000000
9 55494.594703 8 15 131072000.000000
9 55494.594703 8 7 131072000.000000
9 55494.594703 8 6 6553600.000000
9 55494.594703 8 15 6553600.000000
9 55494.594703 8 4 6553600.000000
10 55494.663415 8 3 131072000.000000
10 55494.663415 8 15 131072000.000000
10 55494.663415 8 7 131072000.000000
10 55494.663415 8 6 6553600.000000
10 55494.663415 8 15 6553600.000000
10 55494.663415 8 4 6553600.000000
9 55494.671221 8 3 131072000.000000
9 55494.671221 8 15 131072000.000000
9 55494.671221 8 7 131072000.000000
9 55494.671221 8 6 6553600.000000
9 55494.671221 8 15 6553600.000000
9 55494.671221 8 4 6553600.000000
10 55494.717132 8 3 131072000.000000
10 55494.717132 8 15 131072000.000000
10 55494.717132 8 7 131072000.000000
10 55494.717132 8 6 6553600.000000
10 55494.717132 8 15 6553600.000000
10 55494.717132 8 4 6553600.000000
9 55494.724938 8 3 131072000.000000
9 55494.724938 8 15 131072000.000000
9 55494.724938 8 7 131072000.000000
9 55494.724938 8 6 6553600.000000
9 55494.724938 8 15 6553600.000000
9 55494.724938 8 4 6553600.000000
10 55494.757168 8 3 131072000.000000
10 55494.757168 8 15 131072000.000000
10 55494.757168 8 7 131072000.000000
10 55494.757168 8 6 6553600.000000
10 55494.757168 8 15 6553600.000000
10 55494.757168 8 4 6553600.000000
9 55494.764974 8 3 131072000.000000
9 55494.764974 8 15 131072000.000000
9 55494.764974 8 7 131072000.000000
9 55494.764974 8 6 6553600.000000
9 55494.764974 8 15 6553600.000000
9 55494.764974 8 4 6553600.000000
10 55494.788996 8 3 131072000.000000
10 55494.788996 8 15 131072000.000000
10 55494.788996 8 7 131072000.000000
10 55494.788996 8 6 6553600.000000
10 55494.788996 8 15 6553600.000000
10 55494.788996 8 4 6553600.000000
9 55494.788996 4 5 1000000000.000000
10 55494.788996 4 5 1000000000.000000
9 55494.796802 8 6 923809523.809524
10 55494.796802 8 6 923809523.809524
9 55494.796802 8 15 923809523.809524
10 55494.796802 8 15 923809523.809524
9 55494.796802 13 18 923809523.809524
10 55494.796802 13 18 923809523.809524
9 55494.796802 13 18 46190476.190476
10 55494.796802 13 18 46190476.190476
9 55494.796802 8 15 46190476.190476
10 55494.796802 8 15 46190476.190476
9 55494.796802 8 7 46190476.190476
10 55494.796802 8 7 46190476.190476
9 55494.804608 8 3 131072000.000000
9 55494.804608 8 15 131072000.000000
8 55494.804608 8 10 0.000000
9 55494.804608 8 10 131072000.000000
8 55494.804608 8 9 0.000000
9 55494.804608 8 9 6553600.000000
9 55494.804608 8 15 6553600.000000
9 55494.804608 8 4 6553600.000000
10 55496.852608 8 3 131072000.000000
10 55496.852608 8 15 131072000.000000
10 55496.852608 8 10 131072000.000000
10 55496.852608 8 9 6553600.000000
10 55496.852608 8 15 6553600.000000
10 55496.852608 8 4 6553600.000000
9 55496.860414 8 3 131072000.000000
9 55496.860414 8 15 131072000.000000
9 55496.860414 8 10 131072000.000000
9 55496.860414 8 9 6553600.000000
9 55496.860414 8 15 6553600.000000
9 55496.860414 8 4 6553600.000000
10 55498.093897 8 3 131072000.000000
10 55498.093897 8 15 131072000.000000
10 55498.093897 8 10 131072000.000000
10 55498.093897 8 9 6553600.000000
10 55498.093897 8 15 6553600.000000
10 55498.093897 8 4 6553600.000000
9 55498.101703 8 3 131072000.000000
9 55498.101703 8 15 131072000.000000
9 55498.101703 8 10 131072000.000000
9 55498.101703 8 9 6553600.000000
9 55498.101703 8 15 6553600.000000
9 55498.101703 8 4 6553600.000000
10 55498.846477 8 3 131072000.000000
10 55498.846477 8 15 131072000.000000
10 55498.846477 8 10 131072000.000000
10 55498.846477 8 9 6553600.000000
10 55498.846477 8 15 6553600.000000
10 55498.846477 8 4 6553600.000000
9 55498.854283 8 3 131072000.000000
9 55498.854283 8 15 131072000.000000
9 55498.854283 8 10 131072000.000000
9 55498.854283 8 9 6553600.000000
9 55498.854283 8 15 6553600.000000
9 55498.854283 8 4 6553600.000000
10 55499.305831 8 3 131072000.000000
10 55499.305831 8 15 131072000.000000
10 55499.305831 8 10 131072000.000000
10 55499.305831 8 9 6553600.000000
10 55499.305831 8 15 6553600.000000
10 55499.305831 8 4 6553600.000000
9 55499.313637 8 3 131072000.000000
9 55499.313637 8 15 131072000.000000
9 55499.313637 8 10 131072000.000000
9 55499.313637 8 9 6553600.000000
9 55499.313637 8 15 6553600.000000
9 55499.313637 8 4 6553600.000000
10 55499.589249 8 3 131072000.000000
10 55499.589249 8 15 131072000.000000
10 55499.589249 8 10 131072000.000000
10 55499.589249 8 9 6553600.000000
10 55499.589249 8 15 6553600.000000
10 55499.589249 8 4 6553600.000000
9 55499.597055 8 3 131072000.000000
9 55499.597055 8 15 131072000.000000
9 55499.597055 8 10 131072000.000000
9 55499.597055 8 9 6553600.000000
9 55499.597055 8 15 6553600.000000
9 55499.597055 8 4 6553600.000000
10 55499.767106 8 3 131072000.000000
10 55499.767106 8 15 131072000.000000
10 55499.767106 8 10 131072000.000000
10 55499.767106 8 9 6553600.000000
10 55499.767106 8 15 6553600.000000
10 55499.767106 8 4 6553600.000000
9 55499.774912 8 3 131072000.000000
9 55499.774912 8 15 131072000.000000
9 55499.774912 8 10 131072000.000000
9 55499.774912 8 9 6553600.000000
9 55499.774912 8 15 6553600.000000
9 55499.774912 8 4 6553600.000000
10 55499.881626 8 3 131072000.000000
10 55499.881626 8 15 131072000.000000
10 55499.881626 8 10 131072000.000000
10 55499.881626 8 9 6553600.000000
10 55499.881626 8 15 6553600.000000
10 55499.881626 8 4 6553600.000000
9 55499.889432 8 3 131072000.000000
9 55499.889432 8 15 131072000.000000
9 55499.889432 8 10 131072000.000000
9 55499.889432 8 9 6553600.000000
9 55499.889432 8 15 6553600.000000
9 55499.889432 8 4 6553600.000000
10 55499.958144 8 3 131072000.000000
10 55499.958144 8 15 131072000.000000
10 55499.958144 8 10 131072000.000000
10 55499.958144 8 9 6553600.000000
10 55499.958144 8 15 6553600.000000
10 55499.958144 8 4 6553600.000000
9 55499.965950 8 3 131072000.000000
9 55499.965950 8 15 131072000.000000
9 55499.965950 8 10 131072000.000000
9 55499.965950 8 9 6553600.000000
9 55499.965950 8 15 6553600.000000
9 55499.965950 8 4 6553600.000000
10 55500.011861 8 3 131072000.000000
10 55500.011861 8 15 131072000.000000
10 55500.011861 8 10 131072000.000000
10 55500.011861 8 9 6553600.000000
10 55500.011861 8 15 6553600.000000
10 55500.011861 8 4 6553600.000000
9 55500.019667 8 3 131072000.000000
9 55500.019667 8 15 131072000.000000
9 55500.019667 8 10 131072000.000000
9 55500.019667 8 9 6553600.000000
9 55500.019667 8 15 6553600.000000
9 55500.019667 8 4 6553600.000000
10 55500.051897 8 3 131072000.000000
10 55500.051897 8 15 131072000.000000
10 55500.051897 8 10 131072000.000000
10 55500.051897 8 9 6553600.000000
10 55500.051897 8 15 6553600.000000
10 55500.051897 8 4 6553600.000000
9 55500.059703 8 3 131072000.000000
9 55500.059703 8 15 131072000.000000
9 55500.059703 8 10 131072000.000000
9 55500.059703 8 9 6553600.000000
9 55500.059703 8 15 6553600.000000
9 55500.059703 8 4 6553600.000000
10 55500.083725 8 3 131072000.000000
10 55500.083725 8 15 131072000.000000
10 55500.083725 8 10 131072000.000000
10 55500.083725 8 9 6553600.000000
10 55500.083725 8 15 6553600.000000
10 55500.083725 8 4 6553600.000000
8 55500.083725 4 8 0.000000
9 55500.083725 4 8 1000000000.000000
10 55500.083725 4 8 1000000000.000000
9 55500.091531 8 9 923809523.809524
10 55500.091531 8 9 923809523.809524
9 55500.091531 8 15 923809523.809524
10 55500.091531 8 15 923809523.809524
9 55500.091531 13 18 923809523.809524
10 55500.091531 13 18 923809523.809524
9 55500.091531 13 18 46190476.190476
10 55500.091531 13 18 46190476.190476
9 55500.091531 8 15 46190476.190476
10 55500.091531 8 15 46190476.190476
9 55500.091531 8 10 46190476.190476
10 55500.091531 8 10 46190476.190476
9 55500.099337 8 6 131072000.000000
9 55500.099337 8 15 131072000.000000
9 55500.099337 8 4 131072000.000000
9 55500.099337 8 3 6553600.000000
9 55500.099337 8 15 6553600.000000
9 55500.099337 8 7 6553600.000000
10 55502.147337 8 6 131072000.000000
10 55502.147337 8 15 131072000.000000
10 55502.147337 8 4 131072000.000000
10 55502.147337 8 3 6553600.000000
10 55502.147337 8 15 6553600.000000
10 55502.147337 8 7 6553600.000000
9 55502.155143 8 6 131072000.000000
9 55502.155143 8 15 131072000.000000
9 55502.155143 8 4 131072000.000000
9 55502.155143 8 3 6553600.000000
9 55502.155143 8 15 6553600.000000
9 55502.155143 8 7 6553600.000000
10 55503.388627 8 6 131072000.000000
10 55503.388627 8 15 131072000.000000
10 55503.388627 8 4 131072000.000000
10 55503.388627 8 3 6553600.000000
10 55503.388627 8 15 6553600.000000
10 55503.388627 8 7 6553600.000000
9 55503.396433 8 6 131072000.000000
9 55503.396433 8 15 131072000.000000
9 55503.396433 8 4 131072000.000000
9 55503.396433 8 3 6553600.000000
9 55503.396433 8 15 6553600.000000
9 55503.396433 8 7 6553600.000000
10 55504.141206 8 6 131072000.000000
10 55504.141206 8 15 131072000.000000
10 55504.141206 8 4 131072000.000000
10 55504.141206 8 3 6553600.000000
10 55504.141206 8 15 6553600.000000
10 55504.141206 8 7 6553600.000000
9 55504.149012 8 6 131072000.000000
9 55504.149012 8 15 131072000.000000
9 55504.149012 8 4 131072000.000000
9 55504.149012 8 3 6553600.000000
9 55504.149012 8 15 6553600.000000
9 55504.149012 8 7 6553600.000000
10 55504.600560 8 6 131072000.000000
10 55504.600560 8 15 131072000.000000
10 55504.600560 8 4 131072000.000000
10 55504.600560 8 3 6553600.000000
10 55504.600560 8 15 6553600.000000
10 55504.600560 8 7 6553600.000000
9 55504.608366 8 6 131072000.000000
9 55504.608366 8 15 131072000.000000
9 55504.608366 8 4 131072000.000000
9 55504.608366 8 3 6553600.000000
9 55504.608366 8 15 6553600.000000
9 55504.608366 8 7 6553600.000000
10 55504.883979 8 6 131072000.000000
10 55504.883979 8 15 131072000.000000
10 55504.883979 8 4 131072000.000000
10 55504.883979 8 3 6553600.000000
10 55504.883979 8 15 6553600.000000
10 55504.883979 8 7 6553600.000000
9 55504.891785 8 6 131072000.000000
9 55504.891785 8 15 131072000.000000
9 55504.891785 8 4 131072000.000000
9 55504.891785 8 3 6553600.000000
9 55504.891785 8 15 6553600.000000
9 55504.891785 8 7 6553600.000000
10 55505.061836 8 6 131072000.000000
10 55505.061836 8 15 131072000.000000
10 55505.061836 8 4 131072000.000000
10 55505.061836 8 3 6553600.000000
10 55505.061836 8 15 6553600.000000
10 55505.061836 8 7 6553600.000000
9 55505.069642 8 6 131072000.000000
9 55505.069642 8 15 131072000.000000
9 55505.069642 8 4 131072000.000000
9 55505.069642 8 3 6553600.000000
9 55505.069642 8 15 6553600.000000
9 55505.069642 8 7 6553600.000000
10 55505.176356 8 6 131072000.000000
10 55505.176356 8 15 131072000.000000
10 55505.176356 8 4 131072000.000000
10 55505.176356 8 3 6553600.000000
10 55505.176356 8 15 6553600.000000
10 55505.176356 8 7 6553600.000000
9 55505.184162 8 6 131072000.000000
9 55505.184162 8 15 131072000.000000
9 55505.184162 8 4 131072000.000000
9 55505.184162 8 3 6553600.000000
9 55505.184162 8 15 6553600.000000
9 55505.184162 8 7 6553600.000000
10 55505.252874 8 6 131072000.000000
10 55505.252874 8 15 131072000.000000
10 55505.252874 8 4 131072000.000000
10 55505.252874 8 3 6553600.000000
10 55505.252874 8 15 6553600.000000
10 55505.252874 8 7 6553600.000000
9 55505.260680 8 6 131072000.000000
9 55505.260680 8 15 131072000.000000
9 55505.260680 8 4 131072000.000000
9 55505.260680 8 3 6553600.000000
9 55505.260680 8 15 6553600.000000
9 55505.260680 8 7 6553600.000000
10 55505.306591 8 6 131072000.000000
10 55505.306591 8 15 131072000.000000
10 55505.306591 8 4 131072000.000000
10 55505.306591 8 3 6553600.000000
10 55505.306591 8 15 6553600.000000
10 55505.306591 8 7 6553600.000000
9 55505.314397 8 6 131072000.000000
9 55505.314397 8 15 131072000.000000
9 55505.314397 8 4 131072000.000000
9 55505.314397 8 3 6553600.000000
9 55505.314397 8 15 6553600.000000
9 55505.314397 8 7 6553600.000000
10 55505.346627 8 6 131072000.000000
10 55505.346627 8 15 131072000.000000
10 55505.346627 8 4 131072000.000000
10 55505.346627 8 3 6553600.000000
10 55505.346627 8 15 6553600.000000
10 55505.346627 8 7 6553600.000000
9 55505.354433 8 6 131072000.000000
9 55505.354433 8 15 131072000.000000
9 55505.354433 8 4 131072000.000000
9 55505.354433 8 3 6553600.000000
9 55505.354433 8 15 6553600.000000
9 55505.354433 8 7 6553600.000000
10 55505.378454 8 6 131072000.000000
10 55505.378454 8 15 131072000.000000
10 55505.378454 8 4 131072000.000000
10 55505.378454 8 3 6553600.000000
10 55505.378454 8 15 6553600.000000
10 55505.378454 8 7 6553600.000000
9 55505.378454 4 2 1000000000.000000
10 55505.378454 4 2 1000000000.000000
9 55505.386260 8 3 970000000.000000
10 55505.386260 8 3 970000000.000000
9 55505.386260 8 15 970000000.000000
10 55505.386260 8 15 970000000.000000
9 55505.386260 8 7 970000000.000000
10 55505.386260 8 7 970000000.000000
9 55505.386260 8 6 48500000.000000
10 55505.386260 8 6 48500000.000000
9 55505.386260 8 15 48500000.000000
10 55505.386260 8 15 48500000.000000
9 55505.386260 8 4 48500000.000000
10 55505.386260 8 4 48500000.000000
9 60023.091169 13 18 923809523.809524
10 60023.091169 13 18 923809523.809524
9 60023.091169 8 15 923809523.809524
10 60023.091169 8 15 923809523.809524
9 60023.091169 8 4 923809523.809524
10 60023.091169 8 4 923809523.809524
9 60023.091169 8 3 46190476.190476
10 60023.091169 8 3 46190476.190476
9 60023.091169 8 15 46190476.190476
10 60023.091169 8 15 46190476.190476
9 60023.091169 13 18 46190476.190476
10 60023.091169 13 18 46190476.190476
9 60024.181449 13 18 923809523.809524
10 60024.181449 13 18 923809523.809524
9 60024.181449 8 15 923809523.809524
10 60024.181449 8 15 923809523.809524
9 60024.181449 8 10 923809523.809524
10 60024.181449 8 10 923809523.809524
9 60024.181449 8 9 46190476.190476
10 60024.181449 8 9 46190476.190476
9 60024.181449 8 15 46190476.190476
10 60024.181449 8 15 46190476.190476
9 60024.181449 13 18 46190476.190476
10 60024.181449 13 18 46190476.190476
9 96024.189255 13 18 461904761.904762
9 96024.189255 8 15 461904761.904762
9 96024.189255 8 10 461904761.904762
9 96024.189255 8 9 23095238.095238
9 96024.189255 8 15 23095238.095238
9 96024.189255 13 18 23095238.095238
9 96024.189255 13 18 461904761.904762
9 96024.189255 8 15 461904761.904762
9 96024.189255 8 4 461904761.904762
9 96024.189255 8 3 23095238.095238
9 96024.189255 8 15 23095238.095238
9 96024.189255 13 18 23095238.095238
10 96024.189257 13 18 461904761.904762
10 96024.189257 8 15 461904761.904762
10 96024.189257 8 10 461904761.904762
10 96024.189257 8 9 23095238.095238
10 96024.189257 8 15 23095238.095238
10 96024.189257 13 18 23095238.095238
10 96024.189257 13 18 461904761.904762
10 96024.189257 8 15 461904761.904762
10 96024.189257 8 4 461904761.904762
10 96024.189257 8 3 23095238.095238
10 96024.189257 8 15 23095238.095238
10 96024.189257 13 18 23095238.095238
7 96024.189257 2 17
7 96024.189257 1 16
7 96024.189257 5 15
7 96024.189257 5 7
7 96024.189257 2 11
7 96024.189257 5 9
7 96024.189257 9 14
7 96024.189257 5 10
7 96024.189257 2 8
7 96024.189257 5 6
7 96024.189257 5 13
7 96024.189257 2 5
7 96024.189257 5 3
7 96024.189257 5 4
7 96024.189257 2 2
7 96024.189257 5 12
7 96024.189257 1 1
7 96024.189257 10 18
