#This file was generated using SimGrid-3.10.0
#[java platformICPS.xml deploymentICPS.xml cloudICPS.xml /home/julien/svn/icps-gc-publis/branches/simiaas/validation/simschlouder/trace.tasks AFAP --cfg=tracing:1 --cfg=tracing/platform:1 ]
%EventDef PajeDefineContainerType 0
%       Alias string
%       Type string
%       Name string
%EndEventDef
%EventDef PajeDefineVariableType 1
%       Alias string
%       Type string
%       Name string
%       Color color
%EndEventDef
%EventDef PajeDefineStateType 2
%       Alias string
%       Type string
%       Name string
%EndEventDef
%EventDef PajeDefineEventType 3
%       Alias string
%       Type string
%       Name string
%EndEventDef
%EventDef PajeDefineLinkType 4
%       Alias string
%       Type string
%       StartContainerType string
%       EndContainerType string
%       Name string
%EndEventDef
%EventDef PajeDefineEntityValue 5
%       Alias string
%       Type string
%       Name string
%       Color color
%EndEventDef
%EventDef PajeCreateContainer 6
%       Time date
%       Alias string
%       Type string
%       Container string
%       Name string
%EndEventDef
%EventDef PajeDestroyContainer 7
%       Time date
%       Type string
%       Name string
%EndEventDef
%EventDef PajeSetVariable 8
%       Time date
%       Type string
%       Container string
%       Value double
%EndEventDef
%EventDef PajeAddVariable 9
%       Time date
%       Type string
%       Container string
%       Value double
%EndEventDef
%EventDef PajeSubVariable 10
%       Time date
%       Type string
%       Container string
%       Value double
%EndEventDef
%EventDef PajeSetState 11
%       Time date
%       Type string
%       Container string
%       Value string
%EndEventDef
%EventDef PajePushState 12
%       Time date
%       Type string
%       Container string
%       Value string
%EndEventDef
%EventDef PajePopState 13
%       Time date
%       Type string
%       Container string
%EndEventDef
%EventDef PajeResetState 14
%       Time date
%       Type string
%       Container string
%EndEventDef
%EventDef PajeStartLink 15
%       Time date
%       Type string
%       Container string
%       Value string
%       StartContainer string
%       Key string
%EndEventDef
%EventDef PajeEndLink 16
%       Time date
%       Type string
%       Container string
%       Value string
%       EndContainer string
%       Key string
%EndEventDef
%EventDef PajeNewEvent 17
%       Time date
%       Type string
%       Container string
%       Value string
%EndEventDef
0 1 0 L1
6 0 1 1 0 "AS_OPST"
0 2 1 HOST
6 0 2 2 1 "icps-opst-cc"
1 3 2 power "1 1 1"
6 0 3 2 1 "icps-gc-1"
6 0 4 2 1 "icps-gc-2"
0 4 1 LINK
6 0 5 4 1 "1"
1 5 4 bandwidth "1 1 1"
1 6 4 latency "1 1 1"
6 0 6 4 1 "2"
6 0 7 4 1 "5"
6 0 8 1 0 "AS_EUCA"
6 0 9 2 8 "icps-euca-cc"
6 0 10 2 8 "icps-gc-3"
6 0 11 2 8 "icps-gc-4"
6 0 12 4 8 "3"
6 0 13 4 8 "4"
6 0 14 4 8 "6"
6 0 15 1 0 "AS_Client"
6 0 16 2 15 "client"
0 7 0 LINK
6 0 17 7 0 "client2opst"
1 8 7 bandwidth "1 1 1"
1 9 7 latency "1 1 1"
6 0 18 7 0 "client2euca"
6 0 19 7 0 "as2as"
4 10 1 4 4 L1-LINK4-LINK4
4 11 1 2 4 L1-HOST2-LINK4
4 12 1 4 2 L1-LINK4-HOST2
4 13 0 2 7 0-HOST2-LINK7
4 14 0 7 2 0-LINK7-HOST2
8 0 3 2 1000000000.000000
8 0 3 3 10000000000.000000
8 0 3 4 10000000000.000000
8 0 5 5 120000000.000000
8 0 6 5 0.000100
8 0 5 6 120000000.000000
8 0 6 6 0.000100
8 0 5 7 120000000.000000
8 0 6 7 0.000100
8 0 3 9 1000000000.000000
8 0 3 10 10000000000.000000
8 0 3 11 10000000000.000000
8 0 5 12 120000000.000000
8 0 6 12 0.000100
8 0 5 13 120000000.000000
8 0 6 13 0.000100
8 0 5 14 60000000.000000
8 0 6 14 0.000200
8 0 3 16 120000000.000000
8 0 8 17 120000000.000000
8 0 9 17 0.000100
8 0 8 18 60000000.000000
8 0 9 18 0.000200
8 0 8 19 120000000.000000
8 0 9 19 0.000100
15 0 10 8 topology 14 0
16 0 10 8 topology 12 0
15 0 11 8 topology 9 1
16 0 11 8 topology 14 1
15 0 10 8 topology 12 2
16 0 10 8 topology 13 2
15 0 10 8 topology 14 3
16 0 10 8 topology 13 3
15 0 12 8 topology 12 4
16 0 12 8 topology 10 4
15 0 12 8 topology 13 5
16 0 12 8 topology 11 5
15 0 12 1 topology 6 6
16 0 12 1 topology 4 6
15 0 10 1 topology 7 7
16 0 10 1 topology 5 7
15 0 11 1 topology 2 8
16 0 11 1 topology 7 8
15 0 10 1 topology 5 9
16 0 10 1 topology 6 9
15 0 10 1 topology 7 10
16 0 10 1 topology 6 10
15 0 12 1 topology 5 11
16 0 12 1 topology 3 11
15 0 13 0 topology 9 12
16 0 13 0 topology 19 12
15 0 14 0 topology 17 13
16 0 14 0 topology 16 13
15 0 13 0 topology 9 14
16 0 13 0 topology 18 14
15 0 14 0 topology 19 15
16 0 14 0 topology 2 15
15 0 13 0 topology 2 16
16 0 13 0 topology 17 16
15 0 14 0 topology 18 17
16 0 14 0 topology 16 17
7 0 2 10
7 0 2 11
7 0 2 9
7 0 4 12
7 0 4 13
7 0 4 14
7 0 1 8
7 0 2 16
7 0 1 15
7 0 2 3
7 0 2 4
7 0 4 5
7 0 4 6
7 0 4 7
7 0 2 2
7 0 1 1
7 0 7 19
7 0 7 18
7 0 7 17
